This is pdfTeX, Version 3.14159265-2.6-1.40.17 (TeX Live 2016) (preloaded format=pdflatex 2017.1.17)  9 MAY 2017 13:58
entering extended mode
 restricted \write18 enabled.
 %&-line parsing enabled.
**proto-manuscript.tex
(./proto-manuscript.tex
LaTeX2e <2016/03/31>
Babel <3.9r> and hyphenation patterns for 32 language(s) loaded.
(/usr/share/texlive/texmf-dist/tex/latex/revtex4/revtex4.cls
Document Class: revtex4 2001/08/02 v4.0 (http://publish.aps.org/revtex4/ for do
cumentation)
 Copyright (c) 2001 The American Physical Society.
 mailto:revtex@aps.org
 Licensed under the LPPL:
http://www.ctan.org/tex-archive/macros/latex/base/lppl.txt
 Arthur Ogawa <ogawa@teleport.com>
 Based on work by David Carlisle <david@dcarlisle.demon.co.uk>.
ltxutil: portions licensed from W. E. Baxter (web@superscript.com)
Class revtex4 Info: Repairing broken LateX \@sect on input line 596.
\intertabularlinepenalty=\count79
\@tbpen=\count80
\@arstrutbox@hline=\box26
Class revtex4 Info: Repairing broken LaTeX \@xbitor on input line 1610.
ltxgrid: portions licensed from W. E. Baxter (web@superscript.com)
\c@linecount=\count81
\output=\toks14
\@protection@box=\box27
\@topmark@saved=\toks15
\footins@saved=\box28
\pagesofar=\box29
\footbox=\box30
\pagegrid@col=\count82
Class revtex4 Info: Incorporating package {textcase}  [1998/11/12 v0.06 Text on
ly upper/lower case changing (DPC)]. on input line 3682.
(/usr/share/texlive/texmf-dist/tex/latex/url/url.sty
\Urlmuskip=\muskip10
Package: url 2013/09/16  ver 3.4  Verb mode for urls, etc.
)
\c@affil=\count83
\absbox=\box31
\c@part=\count84
\c@section=\count85
\c@subsection=\count86
\c@subsubsection=\count87
\c@paragraph=\count88
\c@subparagraph=\count89
\abovecaptionskip=\skip41
\belowcaptionskip=\skip42
\c@figure=\count90
\c@table=\count91

(/usr/share/texlive/texmf-dist/tex/latex/natbib/natbib.sty
Package: natbib 2010/09/13 8.31b (PWD, AO)
\bibhang=\skip43
\bibsep=\skip44
LaTeX Info: Redefining \cite on input line 694.
\c@NAT@ctr=\count92
)
\widetext@top=\box32
\widetext@bot=\box33

(/usr/share/texlive/texmf-dist/tex/latex/revtex4/revsymb.sty
Package: revsymb 2001/08/02 v4.0 (http://publish.aps.org/revtex4/ for documenta
tion)
LaTeX Info: Redefining \REV@mathfrak on input line 118.
))

Class revtex4 Warning: No Society specified, using generic APS style.

(/usr/share/texlive/texmf-dist/tex/latex/revtex4/aps.rtx
File: aps.rtx 2001/08/02 v4.0 (http://publish.aps.org/revtex4/ for documentatio
n)
)
(/usr/share/texlive/texmf-dist/tex/latex/revtex4/10pt.rtx
File: 10pt.rtx 2001/08/02 v4.0 (http://publish.aps.org/revtex4/ for documentati
on)
)
(/usr/share/texlive/texmf-dist/tex/latex/rotating/rotating.sty
Package: rotating 2009/03/28 v2.16a rotated objects in LaTeX

(/usr/share/texlive/texmf-dist/tex/latex/graphics/graphicx.sty
Package: graphicx 2014/10/28 v1.0g Enhanced LaTeX Graphics (DPC,SPQR)

(/usr/share/texlive/texmf-dist/tex/latex/graphics/keyval.sty
Package: keyval 2014/10/28 v1.15 key=value parser (DPC)
\KV@toks@=\toks16
)
(/usr/share/texlive/texmf-dist/tex/latex/graphics/graphics.sty
Package: graphics 2016/05/09 v1.0r Standard LaTeX Graphics (DPC,SPQR)

(/usr/share/texlive/texmf-dist/tex/latex/graphics/trig.sty
Package: trig 2016/01/03 v1.10 sin cos tan (DPC)
)
(/usr/share/texlive/texmf-dist/tex/latex/graphics-cfg/graphics.cfg
File: graphics.cfg 2016/01/02 v1.10 sample graphics configuration
)
Package graphics Info: Driver file: pdftex.def on input line 96.

(/usr/share/texlive/texmf-dist/tex/latex/graphics-def/pdftex.def
File: pdftex.def 2016/07/10 v0.06j Graphics/color for pdfTeX

(/usr/share/texlive/texmf-dist/tex/generic/oberdiek/infwarerr.sty
Package: infwarerr 2016/05/16 v1.4 Providing info/warning/error messages (HO)
)
(/usr/share/texlive/texmf-dist/tex/generic/oberdiek/ltxcmds.sty
Package: ltxcmds 2016/05/16 v1.23 LaTeX kernel commands for general use (HO)
)
\Gread@gobject=\count93
))
\Gin@req@height=\dimen102
\Gin@req@width=\dimen103
)
(/usr/share/texlive/texmf-dist/tex/latex/base/ifthen.sty
Package: ifthen 2014/09/29 v1.1c Standard LaTeX ifthen package (DPC)
)
\c@r@tfl@t=\count94
\rotFPtop=\skip45
\rotFPbot=\skip46
\rot@float@box=\box34
\rot@mess@toks=\toks17
)
(/usr/share/texlive/texmf-dist/tex/latex/psnfss/times.sty
Package: times 2005/04/12 PSNFSS-v9.2a (SPQR) 
)
(/usr/share/texlive/texmf-dist/tex/latex/setspace/setspace.sty
Package: setspace 2011/12/19 v6.7a set line spacing
)
(/usr/share/texlive/texmf-dist/tex/latex/amsmath/amsmath.sty
Package: amsmath 2016/06/28 v2.15d AMS math features
\@mathmargin=\skip47

For additional information on amsmath, use the `?' option.
(/usr/share/texlive/texmf-dist/tex/latex/amsmath/amstext.sty
Package: amstext 2000/06/29 v2.01 AMS text

(/usr/share/texlive/texmf-dist/tex/latex/amsmath/amsgen.sty
File: amsgen.sty 1999/11/30 v2.0 generic functions
\@emptytoks=\toks18
\ex@=\dimen104
))
(/usr/share/texlive/texmf-dist/tex/latex/amsmath/amsbsy.sty
Package: amsbsy 1999/11/29 v1.2d Bold Symbols
\pmbraise@=\dimen105
)
(/usr/share/texlive/texmf-dist/tex/latex/amsmath/amsopn.sty
Package: amsopn 2016/03/08 v2.02 operator names
)
\inf@bad=\count95
LaTeX Info: Redefining \frac on input line 199.
\uproot@=\count96
\leftroot@=\count97
LaTeX Info: Redefining \overline on input line 297.
\classnum@=\count98
\DOTSCASE@=\count99
LaTeX Info: Redefining \ldots on input line 394.
LaTeX Info: Redefining \dots on input line 397.
LaTeX Info: Redefining \cdots on input line 518.
\Mathstrutbox@=\box35
\strutbox@=\box36
\big@size=\dimen106
LaTeX Font Info:    Redeclaring font encoding OML on input line 634.
LaTeX Font Info:    Redeclaring font encoding OMS on input line 635.
\macc@depth=\count100
\c@MaxMatrixCols=\count101
\dotsspace@=\muskip11
\c@parentequation=\count102
\dspbrk@lvl=\count103
\tag@help=\toks19
\row@=\count104
\column@=\count105
\maxfields@=\count106
\andhelp@=\toks20
\eqnshift@=\dimen107
\alignsep@=\dimen108
\tagshift@=\dimen109
\tagwidth@=\dimen110
\totwidth@=\dimen111
\lineht@=\dimen112
\@envbody=\toks21
\multlinegap=\skip48
\multlinetaggap=\skip49
\mathdisplay@stack=\toks22
LaTeX Info: Redefining \[ on input line 2739.
LaTeX Info: Redefining \] on input line 2740.
)
(/usr/share/texlive/texmf-dist/tex/latex/oberdiek/epstopdf.sty
Package: epstopdf 2016/05/15 v2.6 Conversion with epstopdf on the fly (HO)

(/usr/share/texlive/texmf-dist/tex/latex/oberdiek/epstopdf-base.sty
Package: epstopdf-base 2016/05/15 v2.6 Base part for package epstopdf

(/usr/share/texlive/texmf-dist/tex/latex/oberdiek/grfext.sty
Package: grfext 2016/05/16 v1.2 Manage graphics extensions (HO)

(/usr/share/texlive/texmf-dist/tex/generic/oberdiek/kvdefinekeys.sty
Package: kvdefinekeys 2016/05/16 v1.4 Define keys (HO)
))
(/usr/share/texlive/texmf-dist/tex/latex/oberdiek/kvoptions.sty
Package: kvoptions 2016/05/16 v3.12 Key value format for package options (HO)

(/usr/share/texlive/texmf-dist/tex/generic/oberdiek/kvsetkeys.sty
Package: kvsetkeys 2016/05/16 v1.17 Key value parser (HO)

(/usr/share/texlive/texmf-dist/tex/generic/oberdiek/etexcmds.sty
Package: etexcmds 2016/05/16 v1.6 Avoid name clashes with e-TeX commands (HO)

(/usr/share/texlive/texmf-dist/tex/generic/oberdiek/ifluatex.sty
Package: ifluatex 2016/05/16 v1.4 Provides the ifluatex switch (HO)
Package ifluatex Info: LuaTeX not detected.
)
Package etexcmds Info: Could not find \expanded.
(etexcmds)             That can mean that you are not using pdfTeX 1.50 or
(etexcmds)             that some package has redefined \expanded.
(etexcmds)             In the latter case, load this package earlier.
)))
(/usr/share/texlive/texmf-dist/tex/generic/oberdiek/pdftexcmds.sty
Package: pdftexcmds 2016/05/21 v0.22 Utility functions of pdfTeX for LuaTeX (HO
)

(/usr/share/texlive/texmf-dist/tex/generic/oberdiek/ifpdf.sty
Package: ifpdf 2016/05/14 v3.1 Provides the ifpdf switch
)
Package pdftexcmds Info: LuaTeX not detected.
Package pdftexcmds Info: \pdf@primitive is available.
Package pdftexcmds Info: \pdf@ifprimitive is available.
Package pdftexcmds Info: \pdfdraftmode found.
)
Package epstopdf-base Info: Redefining graphics rule for `.eps' on input line 4
38.
Package grfext Info: Graphics extension search list:
(grfext)             [.png,.pdf,.jpg,.mps,.jpeg,.jbig2,.jb2,.PNG,.PDF,.JPG,.JPE
G,.JBIG2,.JB2,.eps]
(grfext)             \AppendGraphicsExtensions on input line 456.

(/usr/share/texlive/texmf-dist/tex/latex/latexconfig/epstopdf-sys.cfg
File: epstopdf-sys.cfg 2010/07/13 v1.3 Configuration of (r)epstopdf for TeX Liv
e
)))
(/usr/share/texlive/texmf-dist/tex/latex/easy-todo/easy-todo.sty
Package: easy-todo 2014/01/01

(/usr/share/texlive/texmf-dist/tex/latex/graphics/color.sty
Package: color 2016/05/09 v1.1c Standard LaTeX Color (DPC)

(/usr/share/texlive/texmf-dist/tex/latex/graphics-cfg/color.cfg
File: color.cfg 2016/01/02 v1.6 sample color configuration
)
Package color Info: Driver file: pdftex.def on input line 144.
)
(/usr/share/texlive/texmf-dist/tex/latex/tocloft/tocloft.sty
Package: tocloft 2013/05/02 v2.3f parameterised ToC, etc., typesetting
Package tocloft Info: The document has section divisions on input line 44.
\cftparskip=\skip50
\cftbeforetoctitleskip=\skip51
\cftaftertoctitleskip=\skip52
\cftbeforepartskip=\skip53
\cftpartnumwidth=\skip54
\cftpartindent=\skip55
\cftbeforesecskip=\skip56
\cftsecindent=\skip57
\cftsecnumwidth=\skip58
\cftbeforesubsecskip=\skip59
\cftsubsecindent=\skip60
\cftsubsecnumwidth=\skip61
\cftbeforesubsubsecskip=\skip62
\cftsubsubsecindent=\skip63
\cftsubsubsecnumwidth=\skip64
\cftbeforeparaskip=\skip65
\cftparaindent=\skip66
\cftparanumwidth=\skip67
\cftbeforesubparaskip=\skip68
\cftsubparaindent=\skip69
\cftsubparanumwidth=\skip70
\cftbeforeloftitleskip=\skip71
\cftafterloftitleskip=\skip72
\cftbeforefigskip=\skip73
\cftfigindent=\skip74
\cftfignumwidth=\skip75
\c@lofdepth=\count107
\c@lotdepth=\count108
\cftbeforelottitleskip=\skip76
\cftafterlottitleskip=\skip77
\cftbeforetabskip=\skip78
\cfttabindent=\skip79
\cfttabnumwidth=\skip80
)
(/usr/share/texlive/texmf-dist/tex/latex/oberdiek/ifdraft.sty
Package: ifdraft 2016/05/16 v1.4 Detect class options draft and final (HO)
)
\c@todos=\count109
\cftbeforetodosskip=\skip81
\cfttodosindent=\skip82
\cfttodosnumwidth=\skip83
\c@loddepth=\count110
\cftbeforelodtitleskip=\skip84
\cftafterlodtitleskip=\skip85
)
(/usr/share/texlive/texmf-dist/tex/latex/csquotes/csquotes.sty
Package: csquotes 2016/01/31 v5.1g context-sensitive quotations (JAW)

(/usr/share/texlive/texmf-dist/tex/latex/etoolbox/etoolbox.sty
Package: etoolbox 2015/08/02 v2.2a e-TeX tools for LaTeX (JAW)
\etb@tempcnta=\count111
)
\csq@reset=\count112
\csq@gtype=\count113
\csq@glevel=\count114
\csq@qlevel=\count115
\csq@maxlvl=\count116
\csq@tshold=\count117
\csq@ltx@everypar=\toks23

(/usr/share/texlive/texmf-dist/tex/latex/csquotes/csquotes.def
File: csquotes.def 2016/01/31 v5.1g csquotes generic definitions (JAW)
)
Package csquotes Info: Trying to load configuration file 'csquotes.cfg'...
Package csquotes Info: ... configuration file loaded successfully.

(/usr/share/texlive/texmf-dist/tex/latex/csquotes/csquotes.cfg
File: csquotes.cfg 
))
Package csquotes Info: Checking for multilingual support...
Package csquotes Info: ... none found.


LaTeX Warning: Unused global option(s):
    [aip,jcp].

(./proto-manuscript.aux)
\openout1 = `proto-manuscript.aux'.

LaTeX Font Info:    Checking defaults for OML/cmm/m/it on input line 37.
LaTeX Font Info:    ... okay on input line 37.
LaTeX Font Info:    Checking defaults for T1/cmr/m/n on input line 37.
LaTeX Font Info:    ... okay on input line 37.
LaTeX Font Info:    Checking defaults for OT1/cmr/m/n on input line 37.
LaTeX Font Info:    ... okay on input line 37.
LaTeX Font Info:    Checking defaults for OMS/cmsy/m/n on input line 37.
LaTeX Font Info:    ... okay on input line 37.
LaTeX Font Info:    Checking defaults for OMX/cmex/m/n on input line 37.
LaTeX Font Info:    ... okay on input line 37.
LaTeX Font Info:    Checking defaults for U/cmr/m/n on input line 37.
LaTeX Font Info:    ... okay on input line 37.
LaTeX Font Info:    Try loading font information for OT1+ptm on input line 37.

(/usr/share/texlive/texmf-dist/tex/latex/psnfss/ot1ptm.fd
File: ot1ptm.fd 2001/06/04 font definitions for OT1/ptm.
)
Class revtex4 Info: Patching LaTeX tabular. on input line 37.
Class revtex4 Info: cite was not loaded (OK!) on input line 37.
Class revtex4 Info: multicol was not loaded (OK!) on input line 37.

(/usr/share/texlive/texmf-dist/tex/context/base/mkii/supp-pdf.mkii
[Loading MPS to PDF converter (version 2006.09.02).]
\scratchcounter=\count118
\scratchdimen=\dimen113
\scratchbox=\box37
\nofMPsegments=\count119
\nofMParguments=\count120
\everyMPshowfont=\toks24
\MPscratchCnt=\count121
\MPscratchDim=\dimen114
\MPnumerator=\count122
\makeMPintoPDFobject=\count123
\everyMPtoPDFconversion=\toks25
)
LaTeX Font Info:    Font shape `OT1/ptm/bx/n' in size <12> not available
(Font)              Font shape `OT1/ptm/b/n' tried instead on input line 94.
LaTeX Font Info:    Try loading font information for OT1+pcr on input line 94.
 (/usr/share/texlive/texmf-dist/tex/latex/psnfss/ot1pcr.fd
File: ot1pcr.fd 2001/06/04 font definitions for OT1/pcr.
)
LaTeX Font Info:    Font shape `OT1/ptm/bx/n' in size <9> not available
(Font)              Font shape `OT1/ptm/b/n' tried instead on input line 101.


LaTeX Warning: No positions in optional float specifier.
               Default added (so using `tbp') on input line 124.

Package epstopdf Info: Source file: <../Fig/OrderParameterIONSchangesSCALED.eps
>
(epstopdf)                    date: 2017-03-18 16:48:03
(epstopdf)                    size: 65262 bytes
(epstopdf)             Output file: <../Fig/OrderParameterIONSchangesSCALED-eps
-converted-to.pdf>
(epstopdf)                    date: 2017-03-20 10:23:42
(epstopdf)                    size: 24766 bytes
(epstopdf)             Command: <repstopdf --outfile=../Fig/OrderParameterIONSc
hangesSCALED-eps-converted-to.pdf ../Fig/OrderParameterIONSchangesSCALED.eps>
(epstopdf)             \includegraphics on input line 126.
Package epstopdf Info: Output file is already uptodate.

<../Fig/OrderParameterIONSchangesSCALED-eps-converted-to.pdf, id=1, 773.89125pt
 x 686.565pt>
File: ../Fig/OrderParameterIONSchangesSCALED-eps-converted-to.pdf Graphic file 
(type pdf)

<use ../Fig/OrderParameterIONSchangesSCALED-eps-converted-to.pdf>
Package pdftex.def Info: ../Fig/OrderParameterIONSchangesSCALED-eps-converted-t
o.pdf used on input line 126.
(pdftex.def)             Requested size: 256.0748pt x 227.17476pt.

Overfull \hbox (10.0748pt too wide) in paragraph at lines 126--127
 [][] 
 []


LaTeX Warning: No positions in optional float specifier.
               Default added (so using `tbp') on input line 136.

Package epstopdf Info: Source file: <../Fig/OrderParameterCHANGESnewMODELS.eps>

(epstopdf)                    date: 2017-05-09 10:35:43
(epstopdf)                    size: 41752 bytes
(epstopdf)             Output file: <../Fig/OrderParameterCHANGESnewMODELS-eps-
converted-to.pdf>
(epstopdf)                    date: 2017-03-20 10:23:42
(epstopdf)                    size: 14553 bytes
(epstopdf)             Command: <repstopdf --outfile=../Fig/OrderParameterCHANG
ESnewMODELS-eps-converted-to.pdf ../Fig/OrderParameterCHANGESnewMODELS.eps>
(epstopdf)             \includegraphics on input line 138.
runsystem(repstopdf --outfile=../Fig/OrderParameterCHANGESnewMODELS-eps-convert
ed-to.pdf ../Fig/OrderParameterCHANGESnewMODELS.eps)...executed safely (allowed
).

Package epstopdf Info: Result file: <../Fig/OrderParameterCHANGESnewMODELS-eps-
converted-to.pdf>
(epstopdf)                    date: 2017-03-20 10:23:42
(epstopdf)                    size: 14553 bytes.

<../Fig/OrderParameterCHANGESnewMODELS-eps-converted-to.pdf, id=2, 773.89125pt 
x 686.565pt>
File: ../Fig/OrderParameterCHANGESnewMODELS-eps-converted-to.pdf Graphic file (
type pdf)
 <use ../Fig/OrderParameterCHANGESnewMODELS-eps-converted-to.pdf>
Package pdftex.def Info: ../Fig/OrderParameterCHANGESnewMODELS-eps-converted-to
.pdf used on input line 138.
(pdftex.def)             Requested size: 256.0748pt x 227.17476pt.

Overfull \hbox (10.0748pt too wide) in paragraph at lines 138--139
 [][] 
 []

LaTeX Font Info:    Font shape `OT1/ptm/bx/n' in size <10> not available
(Font)              Font shape `OT1/ptm/b/n' tried instead on input line 148.

LaTeX Warning: Reference `HGopsNEWmodels.eps' on page 1 undefined on input line
 148.


LaTeX Warning: No positions in optional float specifier.
               Default added (so using `tbp') on input line 155.

Package epstopdf Info: Source file: <../Fig/HGopsNEWmodels.eps>
(epstopdf)                    date: 2017-03-20 10:23:42
(epstopdf)                    size: 23606 bytes
(epstopdf)             Output file: <../Fig/HGopsNEWmodels-eps-converted-to.pdf
>
(epstopdf)                    date: 2017-03-20 10:23:42
(epstopdf)                    size: 9024 bytes
(epstopdf)             Command: <repstopdf --outfile=../Fig/HGopsNEWmodels-eps-
converted-to.pdf ../Fig/HGopsNEWmodels.eps>
(epstopdf)             \includegraphics on input line 157.
Package epstopdf Info: Output file is already uptodate.
<../Fig/HGopsNEWmodels-eps-converted-to.pdf, id=3, 505.89pt x 361.35pt>
File: ../Fig/HGopsNEWmodels-eps-converted-to.pdf Graphic file (type pdf)

<use ../Fig/HGopsNEWmodels-eps-converted-to.pdf>
Package pdftex.def Info: ../Fig/HGopsNEWmodels-eps-converted-to.pdf used on inp
ut line 157.
(pdftex.def)             Requested size: 256.0748pt x 182.91313pt.

Overfull \hbox (10.0748pt too wide) in paragraph at lines 157--158
 [][] 
 []


LaTeX Warning: No positions in optional float specifier.
               Default added (so using `tbp') on input line 162.

Package epstopdf Info: Source file: <../Fig/HGopsNEWmodelsCHANGE.eps>
(epstopdf)                    date: 2017-03-20 10:23:42
(epstopdf)                    size: 22182 bytes
(epstopdf)             Output file: <../Fig/HGopsNEWmodelsCHANGE-eps-converted-
to.pdf>
(epstopdf)                    date: 2017-03-20 10:23:42
(epstopdf)                    size: 8277 bytes
(epstopdf)             Command: <repstopdf --outfile=../Fig/HGopsNEWmodelsCHANG
E-eps-converted-to.pdf ../Fig/HGopsNEWmodelsCHANGE.eps>
(epstopdf)             \includegraphics on input line 164.
Package epstopdf Info: Output file is already uptodate.
<../Fig/HGopsNEWmodelsCHANGE-eps-converted-to.pdf, id=4, 505.89pt x 361.35pt>
File: ../Fig/HGopsNEWmodelsCHANGE-eps-converted-to.pdf Graphic file (type pdf)

<use ../Fig/HGopsNEWmodelsCHANGE-eps-converted-to.pdf>
Package pdftex.def Info: ../Fig/HGopsNEWmodelsCHANGE-eps-converted-to.pdf used 
on input line 164.
(pdftex.def)             Requested size: 256.0748pt x 182.91313pt.

Overfull \hbox (10.0748pt too wide) in paragraph at lines 164--165
 [][] 
 []

Missing character: There is no Ã in font ptmr7t!
Missing character: There is no … in font ptmr7t!

LaTeX Warning: No positions in optional float specifier.
               Default added (so using `tbp') on input line 187.

Package epstopdf Info: Source file: <../Fig/CAdensities.eps>
(epstopdf)                    date: 2017-03-20 10:23:42
(epstopdf)                    size: 37934 bytes
(epstopdf)             Output file: <../Fig/CAdensities-eps-converted-to.pdf>
(epstopdf)                    date: 2017-03-20 10:23:42
(epstopdf)                    size: 12037 bytes
(epstopdf)             Command: <repstopdf --outfile=../Fig/CAdensities-eps-con
verted-to.pdf ../Fig/CAdensities.eps>
(epstopdf)             \includegraphics on input line 189.
Package epstopdf Info: Output file is already uptodate.
<../Fig/CAdensities-eps-converted-to.pdf, id=5, 505.89pt x 722.7pt>
File: ../Fig/CAdensities-eps-converted-to.pdf Graphic file (type pdf)

<use ../Fig/CAdensities-eps-converted-to.pdf>
Package pdftex.def Info: ../Fig/CAdensities-eps-converted-to.pdf used on input 
line 189.
(pdftex.def)             Requested size: 256.0748pt x 365.82626pt.

Overfull \hbox (10.0748pt too wide) in paragraph at lines 189--190
 [][] 
 []

[1{/usr/share/texlive/texmf-dist/fonts/map/pdftex/updmap/pdftex.map} <../Fig/Or
derParameterIONSchangesSCALED-eps-converted-to.pdf>]

LaTeX Warning: A float is stuck (cannot be placed); try class option [floatfix]
 on input line 194.

[2 <../Fig/OrderParameterCHANGESnewMODELS-eps-converted-to.pdf> <../Fig/HGopsNE
Wmodels-eps-converted-to.pdf> <../Fig/HGopsNEWmodelsCHANGE-eps-converted-to.pdf
>]

LaTeX Warning: A float is stuck (cannot be placed); try class option [floatfix]
 on input line 215.

No file proto-manuscript.bbl.
(./proto-manuscript.lod)
\tf@lod=\write3
\openout3 = `proto-manuscript.lod'.

 [3 <../Fig/CAdensities-eps-converted-to.pdf>]
(./proto-manuscript.aux)

LaTeX Warning: There were undefined references.

 ) 
Here is how much of TeX's memory you used:
 5147 strings out of 494307
 70434 string characters out of 6163358
 155314 words of memory out of 5000000
 8392 multiletter control sequences out of 15000+600000
 18642 words of font info for 42 fonts, out of 8000000 for 9000
 382 hyphenation exceptions out of 8191
 42i,8n,28p,386b,304s stack positions out of 5000i,500n,10000p,200000b,80000s
{/usr/share/texlive/texmf-dist/fonts/enc/dvips/base/8r.enc}</usr/share/texliv
e/texmf-dist/fonts/type1/public/amsfonts/cm/cmr7.pfb></usr/share/texlive/texmf-
dist/fonts/type1/public/amsfonts/cm/cmsy10.pfb></usr/share/texlive/texmf-dist/f
onts/type1/public/amsfonts/cm/cmsy6.pfb></usr/share/texlive/texmf-dist/fonts/ty
pe1/public/amsfonts/cm/cmsy7.pfb></usr/share/texlive/texmf-dist/fonts/type1/urw
/courier/ucrr8a.pfb></usr/share/texlive/texmf-dist/fonts/type1/urw/times/utmb8a
.pfb></usr/share/texlive/texmf-dist/fonts/type1/urw/times/utmr8a.pfb></usr/shar
e/texlive/texmf-dist/fonts/type1/urw/times/utmri8a.pfb>
Output written on proto-manuscript.pdf (3 pages, 137990 bytes).
PDF statistics:
 93 PDF objects out of 1000 (max. 8388607)
 65 compressed objects within 1 object stream
 0 named destinations out of 1000 (max. 500000)
 26 words of extra memory for PDF output out of 10000 (max. 10000000)

