Log file opened on Thu Aug  3 13:41:05 2017
Host: doom3.metacentrum.cz  pid: 15777  rank ID: 0  number of ranks:  1
                     :-) GROMACS - mdrun, VERSION 5.1.2 (-:

                            GROMACS is written by:
     Emile Apol      Rossen Apostolov  Herman J.C. Berendsen    Par Bjelkmar   
 Aldert van Buuren   Rudi van Drunen     Anton Feenstra   Sebastian Fritsch 
  Gerrit Groenhof   Christoph Junghans   Anca Hamuraru    Vincent Hindriksen
 Dimitrios Karkoulis    Peter Kasson        Jiri Kraus      Carsten Kutzner  
    Per Larsson      Justin A. Lemkul   Magnus Lundborg   Pieter Meulenhoff 
   Erik Marklund      Teemu Murtola       Szilard Pall       Sander Pronk   
   Roland Schulz     Alexey Shvetsov     Michael Shirts     Alfons Sijbers  
   Peter Tieleman    Teemu Virolainen  Christian Wennberg    Maarten Wolf   
                           and the project leaders:
        Mark Abraham, Berk Hess, Erik Lindahl, and David van der Spoel

Copyright (c) 1991-2000, University of Groningen, The Netherlands.
Copyright (c) 2001-2015, The GROMACS development team at
Uppsala University, Stockholm University and
the Royal Institute of Technology, Sweden.
check out http://www.gromacs.org for more information.

GROMACS is free software; you can redistribute it and/or modify it
under the terms of the GNU Lesser General Public License
as published by the Free Software Foundation; either version 2.1
of the License, or (at your option) any later version.

GROMACS:      mdrun, VERSION 5.1.2
Executable:   /storage/brno3-cerit/home/melcrj/prog/BIN/gromacs-5.1.2+plumed2_ownFFTW_noMPI_intel15_avx_256/bin/mdrun
Data prefix:  /storage/brno3-cerit/home/melcrj/prog/BIN/gromacs-5.1.2+plumed2_ownFFTW_noMPI_intel15_avx_256
Command line:
  mdrun -maxh 11.64 -ntomp 8 -noappend -cpi state.cpt -s topol.tpr -o /scratch/melcrj/job_2052215.arien-pro.ics.muni.cz/traj.trr -x /scratch/melcrj/job_2052215.arien-pro.ics.muni.cz/traj.xtc -e /scratch/melcrj/job_2052215.arien-pro.ics.muni.cz/ener.edr -cpo /scratch/melcrj/job_2052215.arien-pro.ics.muni.cz/state.cpt -g /scratch/melcrj/job_2052215.arien-pro.ics.muni.cz/md.log

GROMACS version:    VERSION 5.1.2
Precision:          single
Memory model:       64 bit
MPI library:        thread_mpi
OpenMP support:     enabled (GMX_OPENMP_MAX_THREADS = 32)
GPU support:        enabled
OpenCL support:     disabled
invsqrt routine:    gmx_software_invsqrt(x)
SIMD instructions:  AVX_256
FFT library:        fftw-3.3.4-sse2-avx
RDTSCP usage:       disabled
C++11 compilation:  disabled
TNG support:        enabled
Tracing support:    disabled
Built on:           Tue May 10 11:29:33 CEST 2016
Built by:           melcrj@perian.ncbr.muni.cz [CMAKE]
Build OS/arch:      Linux 3.2.0-0.bpo.4-amd64 x86_64
Build CPU vendor:   GenuineIntel
Build CPU brand:    Intel(R) Xeon(R) CPU           E5420  @ 2.50GHz
Build CPU family:   6   Model: 23   Stepping: 10
Build CPU features: apic clfsh cmov cx8 cx16 lahf_lm mmx msr pdcm pse sse2 sse3 sse4.1 ssse3
C compiler:         /software/intelcdk-15/composer_xe_2015.0.090/bin/intel64/icc Intel 15.0.0.20140723
C compiler flags:    -mavx    -std=gnu99 -w3 -wd177 -wd271 -wd304 -wd383 -wd424 -wd444 -wd522 -wd593 -wd869 -wd981 -wd1418 -wd1419 -wd1572 -wd1599 -wd2259 -wd2415 -wd2547 -wd2557 -wd3280 -wd3346 -wd11074 -wd11076  -O3 -DNDEBUG -ip -funroll-all-loops -alias-const -ansi-alias  
C++ compiler:       /software/intelcdk-15/composer_xe_2015.0.090/bin/intel64/icpc Intel 15.0.0.20140723
C++ compiler flags:  -mavx    -w3 -wd177 -wd271 -wd304 -wd383 -wd424 -wd444 -wd522 -wd593 -wd869 -wd981 -wd1418 -wd1419 -wd1572 -wd1599 -wd2259 -wd2415 -wd2547 -wd2557 -wd3280 -wd3346 -wd11074 -wd11076 -wd1782 -wd2282  -O3 -DNDEBUG -ip -funroll-all-loops -alias-const -ansi-alias  
Boost version:      1.57.0 (external)
CUDA compiler:      /software/cuda/7.5/bin/nvcc nvcc: NVIDIA (R) Cuda compiler driver;Copyright (c) 2005-2015 NVIDIA Corporation;Built on Tue_Aug_11_14:27:32_CDT_2015;Cuda compilation tools, release 7.5, V7.5.17
CUDA compiler flags:-gencode;arch=compute_20,code=sm_20;-gencode;arch=compute_30,code=sm_30;-gencode;arch=compute_35,code=sm_35;-gencode;arch=compute_37,code=sm_37;-gencode;arch=compute_50,code=sm_50;-gencode;arch=compute_52,code=sm_52;-gencode;arch=compute_52,code=compute_52;-use_fast_math;; ;-mavx;-w3;-wd177;-wd271;-wd304;-wd383;-wd424;-wd444;-wd522;-wd593;-wd869;-wd981;-wd1418;-wd1419;-wd1572;-wd1599;-wd2259;-wd2415;-wd2547;-wd2557;-wd3280;-wd3346;-wd11074;-wd11076;-wd1782;-wd2282;-O3;-DNDEBUG;-ip;-funroll-all-loops;-alias-const;-ansi-alias;
CUDA driver:        8.0
CUDA runtime:       7.50


Running on 1 node with total 16 cores, 32 logical cores, 1 compatible GPU
Hardware detected:
  CPU info:
    Vendor: GenuineIntel
    Brand:  Intel(R) Xeon(R) CPU E5-2650 v2 @ 2.60GHz
    Family:  6  model: 62  stepping:  4
    CPU features: aes apic avx clfsh cmov cx8 cx16 f16c htt lahf_lm mmx msr nonstop_tsc pcid pclmuldq pdcm pdpe1gb popcnt pse rdrnd rdtscp sse2 sse3 sse4.1 sse4.2 ssse3 tdt x2apic
    SIMD instructions most likely to fit this hardware: AVX_256
    SIMD instructions selected at GROMACS compile time: AVX_256
  GPU info:
    Number of GPUs detected: 1
    #0: NVIDIA Tesla K20m, compute cap.: 3.5, ECC: yes, stat: compatible


The current CPU can measure timings more accurately than the code in
mdrun was configured to use. This might affect your simulation
speed as accurate timings are needed for load-balancing.
Please consider rebuilding mdrun with the GMX_USE_RDTSCP=ON CMake option.


++++ PLEASE READ AND CITE THE FOLLOWING REFERENCE ++++
M. J. Abraham, T. Murtola, R. Schulz, S. Páll, J. C. Smith, B. Hess, E.
Lindahl
GROMACS: High performance molecular simulations through multi-level
parallelism from laptops to supercomputers
SoftwareX 1 (2015) pp. 19-25
-------- -------- --- Thank You --- -------- --------


++++ PLEASE READ AND CITE THE FOLLOWING REFERENCE ++++
S. Páll, M. J. Abraham, C. Kutzner, B. Hess, E. Lindahl
Tackling Exascale Software Challenges in Molecular Dynamics Simulations with
GROMACS
In S. Markidis & E. Laure (Eds.), Solving Software Challenges for Exascale 8759 (2015) pp. 3-27
-------- -------- --- Thank You --- -------- --------


++++ PLEASE READ AND CITE THE FOLLOWING REFERENCE ++++
S. Pronk, S. Páll, R. Schulz, P. Larsson, P. Bjelkmar, R. Apostolov, M. R.
Shirts, J. C. Smith, P. M. Kasson, D. van der Spoel, B. Hess, and E. Lindahl
GROMACS 4.5: a high-throughput and highly parallel open source molecular
simulation toolkit
Bioinformatics 29 (2013) pp. 845-54
-------- -------- --- Thank You --- -------- --------


++++ PLEASE READ AND CITE THE FOLLOWING REFERENCE ++++
B. Hess and C. Kutzner and D. van der Spoel and E. Lindahl
GROMACS 4: Algorithms for highly efficient, load-balanced, and scalable
molecular simulation
J. Chem. Theory Comput. 4 (2008) pp. 435-447
-------- -------- --- Thank You --- -------- --------


++++ PLEASE READ AND CITE THE FOLLOWING REFERENCE ++++
D. van der Spoel, E. Lindahl, B. Hess, G. Groenhof, A. E. Mark and H. J. C.
Berendsen
GROMACS: Fast, Flexible and Free
J. Comp. Chem. 26 (2005) pp. 1701-1719
-------- -------- --- Thank You --- -------- --------


++++ PLEASE READ AND CITE THE FOLLOWING REFERENCE ++++
E. Lindahl and B. Hess and D. van der Spoel
GROMACS 3.0: A package for molecular simulation and trajectory analysis
J. Mol. Mod. 7 (2001) pp. 306-317
-------- -------- --- Thank You --- -------- --------


++++ PLEASE READ AND CITE THE FOLLOWING REFERENCE ++++
H. J. C. Berendsen, D. van der Spoel and R. van Drunen
GROMACS: A message-passing parallel molecular dynamics implementation
Comp. Phys. Comm. 91 (1995) pp. 43-56
-------- -------- --- Thank You --- -------- --------

Changing nstlist from 25 to 40, rlist from 1.038 to 1.077

Input Parameters:
   integrator                     = md
   tinit                          = 0
   dt                             = 0.002
   nsteps                         = 150000000
   init-step                      = 0
   simulation-part                = 1
   comm-mode                      = Linear
   nstcomm                        = 5000
   bd-fric                        = 0
   ld-seed                        = 3121084551
   emtol                          = 10
   emstep                         = 0.01
   niter                          = 20
   fcstep                         = 0
   nstcgsteep                     = 1000
   nbfgscorr                      = 10
   rtpi                           = 0.05
   nstxout                        = 0
   nstvout                        = 0
   nstfout                        = 0
   nstlog                         = 5000
   nstcalcenergy                  = 5000
   nstenergy                      = 5000
   nstxout-compressed             = 10000
   compressed-x-precision         = 1000
   cutoff-scheme                  = Verlet
   nstlist                        = 40
   ns-type                        = Grid
   pbc                            = xyz
   periodic-molecules             = FALSE
   verlet-buffer-tolerance        = 0.005
   rlist                          = 1.077
   rlistlong                      = 1.077
   nstcalclr                      = 25
   coulombtype                    = PME
   coulomb-modifier               = Potential-shift
   rcoulomb-switch                = 0
   rcoulomb                       = 1
   epsilon-r                      = 1
   epsilon-rf                     = inf
   vdw-type                       = Cut-off
   vdw-modifier                   = Potential-shift
   rvdw-switch                    = 0
   rvdw                           = 1
   DispCorr                       = EnerPres
   table-extension                = 1
   fourierspacing                 = 0.12
   fourier-nx                     = 56
   fourier-ny                     = 56
   fourier-nz                     = 80
   pme-order                      = 4
   ewald-rtol                     = 1e-05
   ewald-rtol-lj                  = 0.001
   lj-pme-comb-rule               = Geometric
   ewald-geometry                 = 0
   epsilon-surface                = 0
   implicit-solvent               = No
   gb-algorithm                   = Still
   nstgbradii                     = 1
   rgbradii                       = 1
   gb-epsilon-solvent             = 80
   gb-saltconc                    = 0
   gb-obc-alpha                   = 1
   gb-obc-beta                    = 0.8
   gb-obc-gamma                   = 4.85
   gb-dielectric-offset           = 0.009
   sa-algorithm                   = Ace-approximation
   sa-surface-tension             = 2.05016
   tcoupl                         = V-rescale
   nsttcouple                     = 25
   nh-chain-length                = 0
   print-nose-hoover-chain-variables = FALSE
   pcoupl                         = Parrinello-Rahman
   pcoupltype                     = Semiisotropic
   nstpcouple                     = 25
   tau-p                          = 10
   compressibility (3x3):
      compressibility[    0]={ 4.50000e-05,  0.00000e+00,  0.00000e+00}
      compressibility[    1]={ 0.00000e+00,  4.50000e-05,  0.00000e+00}
      compressibility[    2]={ 0.00000e+00,  0.00000e+00,  4.50000e-05}
   ref-p (3x3):
      ref-p[    0]={ 1.01300e+00,  0.00000e+00,  0.00000e+00}
      ref-p[    1]={ 0.00000e+00,  1.01300e+00,  0.00000e+00}
      ref-p[    2]={ 0.00000e+00,  0.00000e+00,  1.01300e+00}
   refcoord-scaling               = No
   posres-com (3):
      posres-com[0]= 0.00000e+00
      posres-com[1]= 0.00000e+00
      posres-com[2]= 0.00000e+00
   posres-comB (3):
      posres-comB[0]= 0.00000e+00
      posres-comB[1]= 0.00000e+00
      posres-comB[2]= 0.00000e+00
   QMMM                           = FALSE
   QMconstraints                  = 0
   QMMMscheme                     = 0
   MMChargeScaleFactor            = 1
qm-opts:
   ngQM                           = 0
   constraint-algorithm           = Lincs
   continuation                   = FALSE
   Shake-SOR                      = FALSE
   shake-tol                      = 0.0001
   lincs-order                    = 5
   lincs-iter                     = 1
   lincs-warnangle                = 30
   nwall                          = 0
   wall-type                      = 9-3
   wall-r-linpot                  = -1
   wall-atomtype[0]               = -1
   wall-atomtype[1]               = -1
   wall-density[0]                = 0
   wall-density[1]                = 0
   wall-ewald-zfac                = 3
   pull                           = FALSE
   rotation                       = FALSE
   interactiveMD                  = FALSE
   disre                          = No
   disre-weighting                = Conservative
   disre-mixed                    = FALSE
   dr-fc                          = 1000
   dr-tau                         = 0
   nstdisreout                    = 100
   orire-fc                       = 0
   orire-tau                      = 0
   nstorireout                    = 100
   free-energy                    = no
   cos-acceleration               = 0
   deform (3x3):
      deform[    0]={ 0.00000e+00,  0.00000e+00,  0.00000e+00}
      deform[    1]={ 0.00000e+00,  0.00000e+00,  0.00000e+00}
      deform[    2]={ 0.00000e+00,  0.00000e+00,  0.00000e+00}
   simulated-tempering            = FALSE
   E-x:
      n = 0
   E-xt:
      n = 0
   E-y:
      n = 0
   E-yt:
      n = 0
   E-z:
      n = 0
   E-zt:
      n = 0
   swapcoords                     = no
   adress                         = FALSE
   userint1                       = 0
   userint2                       = 0
   userint3                       = 0
   userint4                       = 0
   userreal1                      = 0
   userreal2                      = 0
   userreal3                      = 0
   userreal4                      = 0
grpopts:
   nrdf:     40958.5     38659.5
   ref-t:         313         313
   tau-t:           1           1
annealing:          No          No
annealing-npoints:           0           0
   acc:	           0           0           0
   nfreeze:           N           N           N
   energygrp-flags[  0]: 0 0
   energygrp-flags[  1]: 0 0


Reading checkpoint file state.cpt
  file generated by:     /storage/brno3-cerit/home/melcrj/prog/BIN/gromacs-5.1.2+plumed2_ownFFTW_noMPI_intel15_avx_256/bin/mdrun
  file generated at:     Thu Aug  3 13:39:22 2017

  GROMACS build time:    Tue May 10 11:29:33 CEST 2016
  GROMACS build user:    melcrj@perian.ncbr.muni.cz [CMAKE]
  GROMACS build host:    Linux 3.2.0-0.bpo.4-amd64 x86_64
  GROMACS double prec.:  0
  simulation part #:     18
  step:                  149658520
  time:                  299317.040000

Using 1 MPI thread
Using 8 OpenMP threads 

1 compatible GPU is present, with ID 0
1 GPU auto-selected for this run.
Mapping of GPU ID to the 1 PP rank in this node: 0

Will do PME sum in reciprocal space for electrostatic interactions.

++++ PLEASE READ AND CITE THE FOLLOWING REFERENCE ++++
U. Essmann, L. Perera, M. L. Berkowitz, T. Darden, H. Lee and L. G. Pedersen 
A smooth particle mesh Ewald method
J. Chem. Phys. 103 (1995) pp. 8577-8592
-------- -------- --- Thank You --- -------- --------

Will do ordinary reciprocal space Ewald sum.
Using a Gaussian width (1/beta) of 0.320163 nm for Ewald
Cut-off's:   NS: 1.077   Coulomb: 1   LJ: 1
Long Range LJ corr.: <C6> 3.1913e-04
System total charge: -0.000
Generated table with 1038 data points for Ewald.
Tabscale = 500 points/nm
Generated table with 1038 data points for LJ6.
Tabscale = 500 points/nm
Generated table with 1038 data points for LJ12.
Tabscale = 500 points/nm
Generated table with 1038 data points for 1-4 COUL.
Tabscale = 500 points/nm
Generated table with 1038 data points for 1-4 LJ6.
Tabscale = 500 points/nm
Generated table with 1038 data points for 1-4 LJ12.
Tabscale = 500 points/nm
Potential shift: LJ r^-12: -1.000e+00 r^-6: -1.000e+00, Ewald -1.000e-05
Initialized non-bonded Ewald correction tables, spacing: 9.33e-04 size: 1073


NOTE: GROMACS was configured without NVML support hence it can not exploit
      application clocks of the detected Tesla K20m GPU to improve performance.
      Recompile with the NVML library (compatible with the driver used) or set application clocks manually.


Using GPU 8x8 non-bonded kernels


NOTE: With GPUs, reporting energy group contributions is not supported


NOTE: The number of threads is not equal to the number of (logical) cores
      and the -pin option is set to auto: will not pin thread to cores.
      This can lead to significant performance degradation.
      Consider using -pin on (and -pinoffset in case you run multiple jobs).


Initializing LINear Constraint Solver

++++ PLEASE READ AND CITE THE FOLLOWING REFERENCE ++++
B. Hess and H. Bekker and H. J. C. Berendsen and J. G. E. M. Fraaije
LINCS: A Linear Constraint Solver for molecular simulations
J. Comp. Chem. 18 (1997) pp. 1463-1472
-------- -------- --- Thank You --- -------- --------

The number of constraints is 10496

++++ PLEASE READ AND CITE THE FOLLOWING REFERENCE ++++
S. Miyamoto and P. A. Kollman
SETTLE: An Analytical Version of the SHAKE and RATTLE Algorithms for Rigid
Water Models
J. Comp. Chem. 13 (1992) pp. 952-962
-------- -------- --- Thank You --- -------- --------

Center of mass motion removal mode is Linear
We have the following groups for center of mass motion removal:
  0:  rest

++++ PLEASE READ AND CITE THE FOLLOWING REFERENCE ++++
G. Bussi, D. Donadio and M. Parrinello
Canonical sampling through velocity rescaling
J. Chem. Phys. 126 (2007) pp. 014101
-------- -------- --- Thank You --- -------- --------

There are: 36439 Atoms
There are: 6400 VSites
Initial temperature: 312.303 K

Started mdrun on rank 0 Thu Aug  3 13:41:08 2017
step 149658600: timed with pme grid 56 56 80, coulomb cutoff 1.000: 530.9 M-cycles
step 149658680: timed with pme grid 52 52 72, coulomb cutoff 1.030: 534.2 M-cycles
step 149658760: timed with pme grid 44 44 64, coulomb cutoff 1.183: 531.4 M-cycles
step 149658840: timed with pme grid 40 40 56, coulomb cutoff 1.324: 617.9 M-cycles
step 149658920: timed with pme grid 40 40 60, coulomb cutoff 1.301: 600.9 M-cycles
step 149659000: timed with pme grid 42 42 60, coulomb cutoff 1.239: 560.1 M-cycles
step 149659080: timed with pme grid 44 44 64, coulomb cutoff 1.183: 534.4 M-cycles
step 149659160: timed with pme grid 48 48 64, coulomb cutoff 1.159: 517.5 M-cycles
step 149659240: timed with pme grid 48 48 72, coulomb cutoff 1.084: 461.6 M-cycles
step 149659320: timed with pme grid 52 52 80, coulomb cutoff 1.001: 387.4 M-cycles
              optimal pme grid 52 52 80, coulomb cutoff 1.001
           Step           Time         Lambda
      149660000   299320.00000        0.00000

   Energies (kJ/mol)
           Bond          Angle    Proper Dih.  Improper Dih.          LJ-14
    8.75370e+03    3.70974e+04    2.15549e+04    4.18305e+02    4.50145e+03
     Coulomb-14        LJ (SR)  Disper. corr.   Coulomb (SR)   Coul. recip.
   -8.65162e+03    2.42408e+04   -7.08739e+03   -4.69913e+05    3.63547e+03
      Potential    Kinetic En.   Total Energy    Temperature Pres. DC (bar)
   -3.85450e+05    1.04768e+05   -2.80682e+05    3.16528e+02   -3.40662e+02
 Pressure (bar)   Constr. rmsd
    2.64395e+01    3.74465e-06

           Step           Time         Lambda
      149665000   299330.00000        0.00000

   Energies (kJ/mol)
           Bond          Angle    Proper Dih.  Improper Dih.          LJ-14
    8.97099e+03    3.62897e+04    2.17498e+04    4.43861e+02    4.50624e+03
     Coulomb-14        LJ (SR)  Disper. corr.   Coulomb (SR)   Coul. recip.
   -8.55566e+03    2.50905e+04   -7.06598e+03   -4.72159e+05    3.60266e+03
      Potential    Kinetic En.   Total Energy    Temperature Pres. DC (bar)
   -3.87127e+05    1.03718e+05   -2.83409e+05    3.13356e+02   -3.38610e+02
 Pressure (bar)   Constr. rmsd
    4.14496e+01    3.48829e-06

           Step           Time         Lambda
      149670000   299340.00000        0.00000

   Energies (kJ/mol)
           Bond          Angle    Proper Dih.  Improper Dih.          LJ-14
    8.72630e+03    3.62966e+04    2.18435e+04    4.18039e+02    4.57338e+03
     Coulomb-14        LJ (SR)  Disper. corr.   Coulomb (SR)   Coul. recip.
   -8.69280e+03    2.55670e+04   -7.05760e+03   -4.71946e+05    3.57159e+03
      Potential    Kinetic En.   Total Energy    Temperature Pres. DC (bar)
   -3.86700e+05    1.02914e+05   -2.83786e+05    3.10928e+02   -3.37807e+02
 Pressure (bar)   Constr. rmsd
    2.76943e+01    3.64039e-06

           Step           Time         Lambda
      149675000   299350.00000        0.00000

   Energies (kJ/mol)
           Bond          Angle    Proper Dih.  Improper Dih.          LJ-14
    9.01823e+03    3.68109e+04    2.16673e+04    4.00880e+02    4.53293e+03
     Coulomb-14        LJ (SR)  Disper. corr.   Coulomb (SR)   Coul. recip.
   -8.62809e+03    2.52077e+04   -7.06363e+03   -4.72347e+05    3.62702e+03
      Potential    Kinetic En.   Total Energy    Temperature Pres. DC (bar)
   -3.86774e+05    1.03182e+05   -2.83592e+05    3.11738e+02   -3.38385e+02
 Pressure (bar)   Constr. rmsd
   -1.56528e+02    3.54533e-06

           Step           Time         Lambda
      149680000   299360.00000        0.00000

   Energies (kJ/mol)
           Bond          Angle    Proper Dih.  Improper Dih.          LJ-14
    8.59648e+03    3.65319e+04    2.19292e+04    3.67363e+02    4.61823e+03
     Coulomb-14        LJ (SR)  Disper. corr.   Coulomb (SR)   Coul. recip.
   -8.67144e+03    2.58041e+04   -7.07468e+03   -4.73253e+05    3.62315e+03
      Potential    Kinetic En.   Total Energy    Temperature Pres. DC (bar)
   -3.87529e+05    1.03226e+05   -2.84302e+05    3.11871e+02   -3.39443e+02
 Pressure (bar)   Constr. rmsd
    2.67660e+02    3.40623e-06

           Step           Time         Lambda
      149685000   299370.00000        0.00000

   Energies (kJ/mol)
           Bond          Angle    Proper Dih.  Improper Dih.          LJ-14
    8.87466e+03    3.67746e+04    2.16576e+04    4.45186e+02    4.59189e+03
     Coulomb-14        LJ (SR)  Disper. corr.   Coulomb (SR)   Coul. recip.
   -8.62598e+03    2.50797e+04   -7.08552e+03   -4.72105e+05    3.52733e+03
      Potential    Kinetic En.   Total Energy    Temperature Pres. DC (bar)
   -3.86866e+05    1.04265e+05   -2.82601e+05    3.15009e+02   -3.40483e+02
 Pressure (bar)   Constr. rmsd
    3.51492e+02    3.60600e-06

           Step           Time         Lambda
      149690000   299380.00000        0.00000

   Energies (kJ/mol)
           Bond          Angle    Proper Dih.  Improper Dih.          LJ-14
    8.58816e+03    3.69940e+04    2.18365e+04    3.97768e+02    4.45622e+03
     Coulomb-14        LJ (SR)  Disper. corr.   Coulomb (SR)   Coul. recip.
   -8.75305e+03    2.52178e+04   -7.06326e+03   -4.71197e+05    3.67839e+03
      Potential    Kinetic En.   Total Energy    Temperature Pres. DC (bar)
   -3.85845e+05    1.04336e+05   -2.81509e+05    3.15224e+02   -3.38349e+02
 Pressure (bar)   Constr. rmsd
    1.66364e+02    3.59021e-06

           Step           Time         Lambda
      149695000   299390.00000        0.00000

   Energies (kJ/mol)
           Bond          Angle    Proper Dih.  Improper Dih.          LJ-14
    8.83950e+03    3.64686e+04    2.18118e+04    3.64745e+02    4.55121e+03
     Coulomb-14        LJ (SR)  Disper. corr.   Coulomb (SR)   Coul. recip.
   -8.74193e+03    2.56254e+04   -7.03810e+03   -4.71452e+05    3.73211e+03
      Potential    Kinetic En.   Total Energy    Temperature Pres. DC (bar)
   -3.85838e+05    1.03390e+05   -2.82449e+05    3.12364e+02   -3.35946e+02
 Pressure (bar)   Constr. rmsd
   -8.93597e+00    3.51747e-06

           Step           Time         Lambda
      149700000   299400.00000        0.00000

   Energies (kJ/mol)
           Bond          Angle    Proper Dih.  Improper Dih.          LJ-14
    8.77379e+03    3.72853e+04    2.19467e+04    4.23987e+02    4.58563e+03
     Coulomb-14        LJ (SR)  Disper. corr.   Coulomb (SR)   Coul. recip.
   -8.57602e+03    2.54247e+04   -7.02661e+03   -4.71299e+05    3.58542e+03
      Potential    Kinetic En.   Total Energy    Temperature Pres. DC (bar)
   -3.84876e+05    1.03872e+05   -2.81004e+05    3.13823e+02   -3.34850e+02
 Pressure (bar)   Constr. rmsd
    6.21291e+01    3.60787e-06

           Step           Time         Lambda
      149705000   299410.00000        0.00000

   Energies (kJ/mol)
           Bond          Angle    Proper Dih.  Improper Dih.          LJ-14
    8.92271e+03    3.74917e+04    2.16771e+04    3.73722e+02    4.57398e+03
     Coulomb-14        LJ (SR)  Disper. corr.   Coulomb (SR)   Coul. recip.
   -8.71999e+03    2.47076e+04   -7.00050e+03   -4.69919e+05    3.71346e+03
      Potential    Kinetic En.   Total Energy    Temperature Pres. DC (bar)
   -3.84179e+05    1.04431e+05   -2.79748e+05    3.15511e+02   -3.32369e+02
 Pressure (bar)   Constr. rmsd
   -4.05203e+01    3.56560e-06

           Step           Time         Lambda
      149710000   299420.00000        0.00000

   Energies (kJ/mol)
           Bond          Angle    Proper Dih.  Improper Dih.          LJ-14
    8.82296e+03    3.64032e+04    2.16619e+04    4.43590e+02    4.53422e+03
     Coulomb-14        LJ (SR)  Disper. corr.   Coulomb (SR)   Coul. recip.
   -8.60410e+03    2.62311e+04   -7.04747e+03   -4.73156e+05    3.66868e+03
      Potential    Kinetic En.   Total Energy    Temperature Pres. DC (bar)
   -3.87042e+05    1.03332e+05   -2.83710e+05    3.12191e+02   -3.36839e+02
 Pressure (bar)   Constr. rmsd
   -2.56866e+01    3.51087e-06

           Step           Time         Lambda
      149715000   299430.00000        0.00000

   Energies (kJ/mol)
           Bond          Angle    Proper Dih.  Improper Dih.          LJ-14
    9.02553e+03    3.68218e+04    2.15324e+04    4.59481e+02    4.52258e+03
     Coulomb-14        LJ (SR)  Disper. corr.   Coulomb (SR)   Coul. recip.
   -8.75332e+03    2.47758e+04   -7.04811e+03   -4.70749e+05    3.77605e+03
      Potential    Kinetic En.   Total Energy    Temperature Pres. DC (bar)
   -3.85637e+05    1.02886e+05   -2.82751e+05    3.10842e+02   -3.36901e+02
 Pressure (bar)   Constr. rmsd
   -1.88595e+02    3.59406e-06

           Step           Time         Lambda
      149720000   299440.00000        0.00000

   Energies (kJ/mol)
           Bond          Angle    Proper Dih.  Improper Dih.          LJ-14
    8.78674e+03    3.69107e+04    2.17944e+04    4.05823e+02    4.53908e+03
     Coulomb-14        LJ (SR)  Disper. corr.   Coulomb (SR)   Coul. recip.
   -8.65745e+03    2.55505e+04   -7.05738e+03   -4.71260e+05    3.64761e+03
      Potential    Kinetic En.   Total Energy    Temperature Pres. DC (bar)
   -3.85340e+05    1.04237e+05   -2.81103e+05    3.14925e+02   -3.37787e+02
 Pressure (bar)   Constr. rmsd
    2.45387e+02    3.56325e-06

           Step           Time         Lambda
      149725000   299450.00000        0.00000

   Energies (kJ/mol)
           Bond          Angle    Proper Dih.  Improper Dih.          LJ-14
    8.74745e+03    3.68466e+04    2.20417e+04    3.95749e+02    4.52538e+03
     Coulomb-14        LJ (SR)  Disper. corr.   Coulomb (SR)   Coul. recip.
   -8.64921e+03    2.52313e+04   -7.02721e+03   -4.71327e+05    3.64941e+03
      Potential    Kinetic En.   Total Energy    Temperature Pres. DC (bar)
   -3.85566e+05    1.04365e+05   -2.81201e+05    3.15311e+02   -3.34908e+02
 Pressure (bar)   Constr. rmsd
   -1.01112e+02    3.62979e-06

           Step           Time         Lambda
      149730000   299460.00000        0.00000

   Energies (kJ/mol)
           Bond          Angle    Proper Dih.  Improper Dih.          LJ-14
    8.79595e+03    3.66595e+04    2.18291e+04    3.37760e+02    4.58694e+03
     Coulomb-14        LJ (SR)  Disper. corr.   Coulomb (SR)   Coul. recip.
   -8.58257e+03    2.48671e+04   -7.02173e+03   -4.71229e+05    3.72989e+03
      Potential    Kinetic En.   Total Energy    Temperature Pres. DC (bar)
   -3.86027e+05    1.02856e+05   -2.83171e+05    3.10753e+02   -3.34385e+02
 Pressure (bar)   Constr. rmsd
   -2.06777e+02    3.43423e-06

           Step           Time         Lambda
      149735000   299470.00000        0.00000

   Energies (kJ/mol)
           Bond          Angle    Proper Dih.  Improper Dih.          LJ-14
    8.68360e+03    3.65306e+04    2.18090e+04    4.09926e+02    4.45129e+03
     Coulomb-14        LJ (SR)  Disper. corr.   Coulomb (SR)   Coul. recip.
   -8.61562e+03    2.33121e+04   -7.05342e+03   -4.69286e+05    3.68297e+03
      Potential    Kinetic En.   Total Energy    Temperature Pres. DC (bar)
   -3.86076e+05    1.03972e+05   -2.82104e+05    3.14125e+02   -3.37408e+02
 Pressure (bar)   Constr. rmsd
   -1.98565e+02    3.53625e-06

           Step           Time         Lambda
      149740000   299480.00000        0.00000

   Energies (kJ/mol)
           Bond          Angle    Proper Dih.  Improper Dih.          LJ-14
    8.51459e+03    3.73063e+04    2.19572e+04    3.93929e+02    4.56114e+03
     Coulomb-14        LJ (SR)  Disper. corr.   Coulomb (SR)   Coul. recip.
   -8.60457e+03    2.46956e+04   -7.06378e+03   -4.70622e+05    3.67192e+03
      Potential    Kinetic En.   Total Energy    Temperature Pres. DC (bar)
   -3.85190e+05    1.03528e+05   -2.81662e+05    3.12781e+02   -3.38399e+02
 Pressure (bar)   Constr. rmsd
    2.24137e+02    3.64055e-06

           Step           Time         Lambda
      149745000   299490.00000        0.00000

   Energies (kJ/mol)
           Bond          Angle    Proper Dih.  Improper Dih.          LJ-14
    8.81491e+03    3.66574e+04    2.16907e+04    3.43794e+02    4.50899e+03
     Coulomb-14        LJ (SR)  Disper. corr.   Coulomb (SR)   Coul. recip.
   -8.59201e+03    2.49944e+04   -7.06060e+03   -4.72072e+05    3.66344e+03
      Potential    Kinetic En.   Total Energy    Temperature Pres. DC (bar)
   -3.87051e+05    1.03557e+05   -2.83494e+05    3.12871e+02   -3.38095e+02
 Pressure (bar)   Constr. rmsd
   -2.91587e+02    3.49304e-06

           Step           Time         Lambda
      149750000   299500.00000        0.00000

   Energies (kJ/mol)
           Bond          Angle    Proper Dih.  Improper Dih.          LJ-14
    8.59425e+03    3.69866e+04    2.20359e+04    3.57914e+02    4.65306e+03
     Coulomb-14        LJ (SR)  Disper. corr.   Coulomb (SR)   Coul. recip.
   -8.72429e+03    2.51610e+04   -7.02550e+03   -4.71249e+05    3.75101e+03
      Potential    Kinetic En.   Total Energy    Temperature Pres. DC (bar)
   -3.85459e+05    1.05099e+05   -2.80360e+05    3.17530e+02   -3.34745e+02
 Pressure (bar)   Constr. rmsd
    1.43816e+02    3.53986e-06

           Step           Time         Lambda
      149755000   299510.00000        0.00000

   Energies (kJ/mol)
           Bond          Angle    Proper Dih.  Improper Dih.          LJ-14
    8.79437e+03    3.60519e+04    2.17379e+04    3.90227e+02    4.60080e+03
     Coulomb-14        LJ (SR)  Disper. corr.   Coulomb (SR)   Coul. recip.
   -8.60264e+03    2.42421e+04   -7.06099e+03   -4.71161e+05    3.64934e+03
      Potential    Kinetic En.   Total Energy    Temperature Pres. DC (bar)
   -3.87358e+05    1.03205e+05   -2.84154e+05    3.11806e+02   -3.38131e+02
 Pressure (bar)   Constr. rmsd
   -1.49852e+02    3.65542e-06

           Step           Time         Lambda
      149760000   299520.00000        0.00000

   Energies (kJ/mol)
           Bond          Angle    Proper Dih.  Improper Dih.          LJ-14
    8.85500e+03    3.69696e+04    2.18178e+04    3.48646e+02    4.49073e+03
     Coulomb-14        LJ (SR)  Disper. corr.   Coulomb (SR)   Coul. recip.
   -8.63507e+03    2.52811e+04   -7.03988e+03   -4.72071e+05    3.61017e+03
      Potential    Kinetic En.   Total Energy    Temperature Pres. DC (bar)
   -3.86373e+05    1.03090e+05   -2.83283e+05    3.11460e+02   -3.36115e+02
 Pressure (bar)   Constr. rmsd
    5.72010e+01    3.39874e-06

           Step           Time         Lambda
      149765000   299530.00000        0.00000

   Energies (kJ/mol)
           Bond          Angle    Proper Dih.  Improper Dih.          LJ-14
    8.78132e+03    3.67566e+04    2.18712e+04    3.69573e+02    4.53303e+03
     Coulomb-14        LJ (SR)  Disper. corr.   Coulomb (SR)   Coul. recip.
   -8.79260e+03    2.50976e+04   -7.05565e+03   -4.69898e+05    3.75736e+03
      Potential    Kinetic En.   Total Energy    Temperature Pres. DC (bar)
   -3.84579e+05    1.04459e+05   -2.80120e+05    3.15595e+02   -3.37621e+02
 Pressure (bar)   Constr. rmsd
    1.31881e+02    3.61544e-06

           Step           Time         Lambda
      149770000   299540.00000        0.00000

   Energies (kJ/mol)
           Bond          Angle    Proper Dih.  Improper Dih.          LJ-14
    8.55988e+03    3.72497e+04    2.17996e+04    3.91848e+02    4.47036e+03
     Coulomb-14        LJ (SR)  Disper. corr.   Coulomb (SR)   Coul. recip.
   -8.71098e+03    2.44685e+04   -7.03317e+03   -4.69857e+05    3.76951e+03
      Potential    Kinetic En.   Total Energy    Temperature Pres. DC (bar)
   -3.84892e+05    1.03382e+05   -2.81510e+05    3.12341e+02   -3.35475e+02
 Pressure (bar)   Constr. rmsd
   -6.69885e+00    3.48280e-06

           Step           Time         Lambda
      149775000   299550.00000        0.00000

   Energies (kJ/mol)
           Bond          Angle    Proper Dih.  Improper Dih.          LJ-14
    8.70570e+03    3.66192e+04    2.18570e+04    3.92648e+02    4.47268e+03
     Coulomb-14        LJ (SR)  Disper. corr.   Coulomb (SR)   Coul. recip.
   -8.65880e+03    2.54903e+04   -7.05806e+03   -4.71946e+05    3.76024e+03
      Potential    Kinetic En.   Total Energy    Temperature Pres. DC (bar)
   -3.86365e+05    1.03500e+05   -2.82866e+05    3.12696e+02   -3.37852e+02
 Pressure (bar)   Constr. rmsd
   -1.29107e+02    3.58967e-06

           Step           Time         Lambda
      149780000   299560.00000        0.00000

   Energies (kJ/mol)
           Bond          Angle    Proper Dih.  Improper Dih.          LJ-14
    8.80683e+03    3.66388e+04    2.17415e+04    4.52987e+02    4.57932e+03
     Coulomb-14        LJ (SR)  Disper. corr.   Coulomb (SR)   Coul. recip.
   -8.61255e+03    2.50858e+04   -7.02468e+03   -4.70238e+05    3.79300e+03
      Potential    Kinetic En.   Total Energy    Temperature Pres. DC (bar)
   -3.84777e+05    1.03886e+05   -2.80891e+05    3.13863e+02   -3.34667e+02
 Pressure (bar)   Constr. rmsd
    3.33892e+01    3.59185e-06

           Step           Time         Lambda
      149785000   299570.00000        0.00000

   Energies (kJ/mol)
           Bond          Angle    Proper Dih.  Improper Dih.          LJ-14
    8.76609e+03    3.67472e+04    2.17059e+04    3.90165e+02    4.58739e+03
     Coulomb-14        LJ (SR)  Disper. corr.   Coulomb (SR)   Coul. recip.
   -8.59910e+03    2.61237e+04   -7.05045e+03   -4.72764e+05    3.66786e+03
      Potential    Kinetic En.   Total Energy    Temperature Pres. DC (bar)
   -3.86425e+05    1.04247e+05   -2.82179e+05    3.14953e+02   -3.37124e+02
 Pressure (bar)   Constr. rmsd
    1.38754e+01    3.49300e-06

           Step           Time         Lambda
      149790000   299580.00000        0.00000

   Energies (kJ/mol)
           Bond          Angle    Proper Dih.  Improper Dih.          LJ-14
    8.66518e+03    3.74659e+04    2.18053e+04    3.82528e+02    4.52145e+03
     Coulomb-14        LJ (SR)  Disper. corr.   Coulomb (SR)   Coul. recip.
   -8.69278e+03    2.52216e+04   -7.05483e+03   -4.71942e+05    3.58547e+03
      Potential    Kinetic En.   Total Energy    Temperature Pres. DC (bar)
   -3.86042e+05    1.02648e+05   -2.83394e+05    3.10124e+02   -3.37543e+02
 Pressure (bar)   Constr. rmsd
    1.57179e+02    3.52548e-06

           Step           Time         Lambda
      149795000   299590.00000        0.00000

   Energies (kJ/mol)
           Bond          Angle    Proper Dih.  Improper Dih.          LJ-14
    8.91245e+03    3.68472e+04    2.17929e+04    4.32752e+02    4.52900e+03
     Coulomb-14        LJ (SR)  Disper. corr.   Coulomb (SR)   Coul. recip.
   -8.74918e+03    2.41456e+04   -7.08466e+03   -4.70997e+05    3.62066e+03
      Potential    Kinetic En.   Total Energy    Temperature Pres. DC (bar)
   -3.86550e+05    1.04107e+05   -2.82443e+05    3.14531e+02   -3.40401e+02
 Pressure (bar)   Constr. rmsd
    2.64220e+01    3.61252e-06

           Step           Time         Lambda
      149800000   299600.00000        0.00000

   Energies (kJ/mol)
           Bond          Angle    Proper Dih.  Improper Dih.          LJ-14
    8.78017e+03    3.67579e+04    2.19031e+04    4.06820e+02    4.54126e+03
     Coulomb-14        LJ (SR)  Disper. corr.   Coulomb (SR)   Coul. recip.
   -8.68178e+03    2.41710e+04   -7.03698e+03   -4.69919e+05    3.65365e+03
      Potential    Kinetic En.   Total Energy    Temperature Pres. DC (bar)
   -3.85424e+05    1.04173e+05   -2.81250e+05    3.14732e+02   -3.35838e+02
 Pressure (bar)   Constr. rmsd
   -1.42173e+02    3.54720e-06

           Step           Time         Lambda
      149805000   299610.00000        0.00000

   Energies (kJ/mol)
           Bond          Angle    Proper Dih.  Improper Dih.          LJ-14
    8.85819e+03    3.63869e+04    2.17179e+04    3.89589e+02    4.52602e+03
     Coulomb-14        LJ (SR)  Disper. corr.   Coulomb (SR)   Coul. recip.
   -8.54994e+03    2.47215e+04   -7.06294e+03   -4.71490e+05    3.72213e+03
      Potential    Kinetic En.   Total Energy    Temperature Pres. DC (bar)
   -3.86780e+05    1.03201e+05   -2.83579e+05    3.11794e+02   -3.38318e+02
 Pressure (bar)   Constr. rmsd
    2.02394e+02    3.63436e-06

           Step           Time         Lambda
      149810000   299620.00000        0.00000

   Energies (kJ/mol)
           Bond          Angle    Proper Dih.  Improper Dih.          LJ-14
    8.75641e+03    3.68839e+04    2.16047e+04    3.68646e+02    4.50019e+03
     Coulomb-14        LJ (SR)  Disper. corr.   Coulomb (SR)   Coul. recip.
   -8.63471e+03    2.46281e+04   -7.04539e+03   -4.71116e+05    3.67366e+03
      Potential    Kinetic En.   Total Energy    Temperature Pres. DC (bar)
   -3.86380e+05    1.02320e+05   -2.84060e+05    3.09133e+02   -3.36641e+02
 Pressure (bar)   Constr. rmsd
    2.66437e+00    3.48814e-06

           Step           Time         Lambda
      149815000   299630.00000        0.00000

   Energies (kJ/mol)
           Bond          Angle    Proper Dih.  Improper Dih.          LJ-14
    8.64059e+03    3.69526e+04    2.17621e+04    3.82934e+02    4.58514e+03
     Coulomb-14        LJ (SR)  Disper. corr.   Coulomb (SR)   Coul. recip.
   -8.67993e+03    2.60090e+04   -7.05855e+03   -4.71116e+05    3.66132e+03
      Potential    Kinetic En.   Total Energy    Temperature Pres. DC (bar)
   -3.84861e+05    1.04276e+05   -2.80585e+05    3.15044e+02   -3.37898e+02
 Pressure (bar)   Constr. rmsd
    3.00059e+02    3.57679e-06

           Step           Time         Lambda
      149820000   299640.00000        0.00000

   Energies (kJ/mol)
           Bond          Angle    Proper Dih.  Improper Dih.          LJ-14
    8.64899e+03    3.73441e+04    2.20053e+04    4.17598e+02    4.59077e+03
     Coulomb-14        LJ (SR)  Disper. corr.   Coulomb (SR)   Coul. recip.
   -8.54111e+03    2.56575e+04   -7.05369e+03   -4.71757e+05    3.72188e+03
      Potential    Kinetic En.   Total Energy    Temperature Pres. DC (bar)
   -3.84966e+05    1.03880e+05   -2.81086e+05    3.13845e+02   -3.37433e+02
 Pressure (bar)   Constr. rmsd
    2.87562e+02    3.44133e-06

           Step           Time         Lambda
      149825000   299650.00000        0.00000

   Energies (kJ/mol)
           Bond          Angle    Proper Dih.  Improper Dih.          LJ-14
    8.80783e+03    3.67421e+04    2.21803e+04    3.49624e+02    4.51183e+03
     Coulomb-14        LJ (SR)  Disper. corr.   Coulomb (SR)   Coul. recip.
   -8.58556e+03    2.48605e+04   -7.05028e+03   -4.70448e+05    3.69483e+03
      Potential    Kinetic En.   Total Energy    Temperature Pres. DC (bar)
   -3.84937e+05    1.04949e+05   -2.79987e+05    3.17077e+02   -3.37108e+02
 Pressure (bar)   Constr. rmsd
   -5.74323e+02    3.58096e-06

           Step           Time         Lambda
      149830000   299660.00000        0.00000

   Energies (kJ/mol)
           Bond          Angle    Proper Dih.  Improper Dih.          LJ-14
    8.54843e+03    3.65910e+04    2.19900e+04    4.26302e+02    4.57810e+03
     Coulomb-14        LJ (SR)  Disper. corr.   Coulomb (SR)   Coul. recip.
   -8.59777e+03    2.50626e+04   -7.03449e+03   -4.70966e+05    3.89280e+03
      Potential    Kinetic En.   Total Energy    Temperature Pres. DC (bar)
   -3.85509e+05    1.04563e+05   -2.80946e+05    3.15911e+02   -3.35601e+02
 Pressure (bar)   Constr. rmsd
    1.74990e+02    3.71327e-06

           Step           Time         Lambda
      149835000   299670.00000        0.00000

   Energies (kJ/mol)
           Bond          Angle    Proper Dih.  Improper Dih.          LJ-14
    8.67790e+03    3.68368e+04    2.16868e+04    4.24528e+02    4.48671e+03
     Coulomb-14        LJ (SR)  Disper. corr.   Coulomb (SR)   Coul. recip.
   -8.65726e+03    2.58657e+04   -7.05627e+03   -4.72687e+05    3.79581e+03
      Potential    Kinetic En.   Total Energy    Temperature Pres. DC (bar)
   -3.86626e+05    1.03615e+05   -2.83011e+05    3.13046e+02   -3.37681e+02
 Pressure (bar)   Constr. rmsd
    4.50673e+02    3.65120e-06

           Step           Time         Lambda
      149840000   299680.00000        0.00000

   Energies (kJ/mol)
           Bond          Angle    Proper Dih.  Improper Dih.          LJ-14
    8.95724e+03    3.66155e+04    2.17846e+04    3.71866e+02    4.56341e+03
     Coulomb-14        LJ (SR)  Disper. corr.   Coulomb (SR)   Coul. recip.
   -8.61746e+03    2.58858e+04   -7.06722e+03   -4.72077e+05    3.67190e+03
      Potential    Kinetic En.   Total Energy    Temperature Pres. DC (bar)
   -3.85911e+05    1.04013e+05   -2.81899e+05    3.14247e+02   -3.38728e+02
 Pressure (bar)   Constr. rmsd
    2.59125e+02    3.61996e-06

           Step           Time         Lambda
      149845000   299690.00000        0.00000

   Energies (kJ/mol)
           Bond          Angle    Proper Dih.  Improper Dih.          LJ-14
    8.63038e+03    3.63138e+04    2.17389e+04    3.84438e+02    4.53263e+03
     Coulomb-14        LJ (SR)  Disper. corr.   Coulomb (SR)   Coul. recip.
   -8.59386e+03    2.55162e+04   -7.04572e+03   -4.71933e+05    3.69758e+03
      Potential    Kinetic En.   Total Energy    Temperature Pres. DC (bar)
   -3.86758e+05    1.03206e+05   -2.83552e+05    3.11810e+02   -3.36672e+02
 Pressure (bar)   Constr. rmsd
    2.07148e+02    3.53442e-06

           Step           Time         Lambda
      149850000   299700.00000        0.00000

   Energies (kJ/mol)
           Bond          Angle    Proper Dih.  Improper Dih.          LJ-14
    8.74590e+03    3.62576e+04    2.19213e+04    3.79598e+02    4.51206e+03
     Coulomb-14        LJ (SR)  Disper. corr.   Coulomb (SR)   Coul. recip.
   -8.69501e+03    2.54173e+04   -7.04084e+03   -4.71950e+05    3.66390e+03
      Potential    Kinetic En.   Total Energy    Temperature Pres. DC (bar)
   -3.86788e+05    1.03408e+05   -2.83380e+05    3.12419e+02   -3.36207e+02
 Pressure (bar)   Constr. rmsd
   -5.25601e+01    3.56627e-06

           Step           Time         Lambda
      149855000   299710.00000        0.00000

   Energies (kJ/mol)
           Bond          Angle    Proper Dih.  Improper Dih.          LJ-14
    8.71365e+03    3.67646e+04    2.20235e+04    4.11223e+02    4.60945e+03
     Coulomb-14        LJ (SR)  Disper. corr.   Coulomb (SR)   Coul. recip.
   -8.65782e+03    2.52157e+04   -7.04897e+03   -4.71248e+05    3.63917e+03
      Potential    Kinetic En.   Total Energy    Temperature Pres. DC (bar)
   -3.85577e+05    1.03595e+05   -2.81982e+05    3.12985e+02   -3.36983e+02
 Pressure (bar)   Constr. rmsd
   -6.17179e+01    3.68577e-06

           Step           Time         Lambda
      149860000   299720.00000        0.00000

   Energies (kJ/mol)
           Bond          Angle    Proper Dih.  Improper Dih.          LJ-14
    8.65909e+03    3.65008e+04    2.18346e+04    4.03805e+02    4.48214e+03
     Coulomb-14        LJ (SR)  Disper. corr.   Coulomb (SR)   Coul. recip.
   -8.61759e+03    2.57036e+04   -7.05458e+03   -4.72548e+05    3.55604e+03
      Potential    Kinetic En.   Total Energy    Temperature Pres. DC (bar)
   -3.87080e+05    1.02824e+05   -2.84256e+05    3.10657e+02   -3.37519e+02
 Pressure (bar)   Constr. rmsd
   -5.65727e+01    3.49707e-06

           Step           Time         Lambda
      149865000   299730.00000        0.00000

   Energies (kJ/mol)
           Bond          Angle    Proper Dih.  Improper Dih.          LJ-14
    8.64713e+03    3.63397e+04    2.19656e+04    4.02478e+02    4.60418e+03
     Coulomb-14        LJ (SR)  Disper. corr.   Coulomb (SR)   Coul. recip.
   -8.65310e+03    2.57363e+04   -7.01901e+03   -4.72629e+05    3.69681e+03
      Potential    Kinetic En.   Total Energy    Temperature Pres. DC (bar)
   -3.86909e+05    1.03615e+05   -2.83294e+05    3.13045e+02   -3.34127e+02
 Pressure (bar)   Constr. rmsd
    1.45192e+02    3.51590e-06

           Step           Time         Lambda
      149870000   299740.00000        0.00000

   Energies (kJ/mol)
           Bond          Angle    Proper Dih.  Improper Dih.          LJ-14
    9.09334e+03    3.64036e+04    2.20017e+04    4.54960e+02    4.66387e+03
     Coulomb-14        LJ (SR)  Disper. corr.   Coulomb (SR)   Coul. recip.
   -8.60377e+03    2.43333e+04   -7.04045e+03   -4.71168e+05    3.56552e+03
      Potential    Kinetic En.   Total Energy    Temperature Pres. DC (bar)
   -3.86296e+05    1.04826e+05   -2.81470e+05    3.16704e+02   -3.36169e+02
 Pressure (bar)   Constr. rmsd
   -1.19074e+02    3.55924e-06

           Step           Time         Lambda
      149875000   299750.00000        0.00000

   Energies (kJ/mol)
           Bond          Angle    Proper Dih.  Improper Dih.          LJ-14
    8.90705e+03    3.63898e+04    2.17358e+04    3.91008e+02    4.59122e+03
     Coulomb-14        LJ (SR)  Disper. corr.   Coulomb (SR)   Coul. recip.
   -8.69614e+03    2.49613e+04   -7.06937e+03   -4.70881e+05    3.58974e+03
      Potential    Kinetic En.   Total Energy    Temperature Pres. DC (bar)
   -3.86081e+05    1.03845e+05   -2.82236e+05    3.13739e+02   -3.38934e+02
 Pressure (bar)   Constr. rmsd
    2.53544e+02    3.56405e-06

Writing checkpoint, step 149875080 at Thu Aug  3 13:56:08 2017


           Step           Time         Lambda
      149880000   299760.00000        0.00000

   Energies (kJ/mol)
           Bond          Angle    Proper Dih.  Improper Dih.          LJ-14
    8.81461e+03    3.74742e+04    2.18455e+04    4.26190e+02    4.61530e+03
     Coulomb-14        LJ (SR)  Disper. corr.   Coulomb (SR)   Coul. recip.
   -8.60220e+03    2.47831e+04   -7.05879e+03   -4.70151e+05    3.67712e+03
      Potential    Kinetic En.   Total Energy    Temperature Pres. DC (bar)
   -3.84176e+05    1.03601e+05   -2.80574e+05    3.13004e+02   -3.37922e+02
 Pressure (bar)   Constr. rmsd
    1.20135e+02    3.47488e-06

           Step           Time         Lambda
      149885000   299770.00000        0.00000

   Energies (kJ/mol)
           Bond          Angle    Proper Dih.  Improper Dih.          LJ-14
    9.05190e+03    3.63867e+04    2.17722e+04    3.65427e+02    4.56344e+03
     Coulomb-14        LJ (SR)  Disper. corr.   Coulomb (SR)   Coul. recip.
   -8.61464e+03    2.76735e+04   -7.02908e+03   -4.73257e+05    3.60891e+03
      Potential    Kinetic En.   Total Energy    Temperature Pres. DC (bar)
   -3.85479e+05    1.03467e+05   -2.82011e+05    3.12598e+02   -3.35086e+02
 Pressure (bar)   Constr. rmsd
    2.28531e+02    3.56209e-06

           Step           Time         Lambda
      149890000   299780.00000        0.00000

   Energies (kJ/mol)
           Bond          Angle    Proper Dih.  Improper Dih.          LJ-14
    8.55237e+03    3.68498e+04    2.20464e+04    3.87766e+02    4.57094e+03
     Coulomb-14        LJ (SR)  Disper. corr.   Coulomb (SR)   Coul. recip.
   -8.59147e+03    2.50440e+04   -7.07015e+03   -4.71471e+05    3.63199e+03
      Potential    Kinetic En.   Total Energy    Temperature Pres. DC (bar)
   -3.86049e+05    1.03513e+05   -2.82536e+05    3.12738e+02   -3.39009e+02
 Pressure (bar)   Constr. rmsd
    1.70835e+02    3.59788e-06

           Step           Time         Lambda
      149895000   299790.00000        0.00000

   Energies (kJ/mol)
           Bond          Angle    Proper Dih.  Improper Dih.          LJ-14
    8.54078e+03    3.69255e+04    2.16060e+04    3.99451e+02    4.47598e+03
     Coulomb-14        LJ (SR)  Disper. corr.   Coulomb (SR)   Coul. recip.
   -8.60161e+03    2.55520e+04   -7.02091e+03   -4.71764e+05    3.59751e+03
      Potential    Kinetic En.   Total Energy    Temperature Pres. DC (bar)
   -3.86289e+05    1.02858e+05   -2.83430e+05    3.10760e+02   -3.34308e+02
 Pressure (bar)   Constr. rmsd
   -2.04616e+01    3.58790e-06

           Step           Time         Lambda
      149900000   299800.00000        0.00000

   Energies (kJ/mol)
           Bond          Angle    Proper Dih.  Improper Dih.          LJ-14
    8.63247e+03    3.69917e+04    2.19153e+04    3.95571e+02    4.53358e+03
     Coulomb-14        LJ (SR)  Disper. corr.   Coulomb (SR)   Coul. recip.
   -8.66667e+03    2.59103e+04   -7.01234e+03   -4.72216e+05    3.61096e+03
      Potential    Kinetic En.   Total Energy    Temperature Pres. DC (bar)
   -3.85905e+05    1.03588e+05   -2.82317e+05    3.12963e+02   -3.33493e+02
 Pressure (bar)   Constr. rmsd
   -1.56957e+02    3.55475e-06

           Step           Time         Lambda
      149905000   299810.00000        0.00000

   Energies (kJ/mol)
           Bond          Angle    Proper Dih.  Improper Dih.          LJ-14
    8.87080e+03    3.69632e+04    2.18862e+04    4.41120e+02    4.55374e+03
     Coulomb-14        LJ (SR)  Disper. corr.   Coulomb (SR)   Coul. recip.
   -8.58128e+03    2.51955e+04   -7.02464e+03   -4.71333e+05    3.61883e+03
      Potential    Kinetic En.   Total Energy    Temperature Pres. DC (bar)
   -3.85410e+05    1.03398e+05   -2.82012e+05    3.12389e+02   -3.34663e+02
 Pressure (bar)   Constr. rmsd
   -3.81814e+02    3.59121e-06

           Step           Time         Lambda
      149910000   299820.00000        0.00000

   Energies (kJ/mol)
           Bond          Angle    Proper Dih.  Improper Dih.          LJ-14
    8.98917e+03    3.60809e+04    2.18588e+04    4.20189e+02    4.57687e+03
     Coulomb-14        LJ (SR)  Disper. corr.   Coulomb (SR)   Coul. recip.
   -8.67554e+03    2.57017e+04   -7.02780e+03   -4.72611e+05    3.67201e+03
      Potential    Kinetic En.   Total Energy    Temperature Pres. DC (bar)
   -3.87015e+05    1.03211e+05   -2.83804e+05    3.11825e+02   -3.34964e+02
 Pressure (bar)   Constr. rmsd
    1.58979e+02    3.57049e-06

           Step           Time         Lambda
      149915000   299830.00000        0.00000

   Energies (kJ/mol)
           Bond          Angle    Proper Dih.  Improper Dih.          LJ-14
    8.70654e+03    3.74619e+04    2.18226e+04    4.01123e+02    4.49833e+03
     Coulomb-14        LJ (SR)  Disper. corr.   Coulomb (SR)   Coul. recip.
   -8.64889e+03    2.58917e+04   -7.02731e+03   -4.71422e+05    3.61092e+03
      Potential    Kinetic En.   Total Energy    Temperature Pres. DC (bar)
   -3.84706e+05    1.03572e+05   -2.81133e+05    3.12916e+02   -3.34917e+02
 Pressure (bar)   Constr. rmsd
   -2.85957e+01    3.56893e-06

           Step           Time         Lambda
      149920000   299840.00000        0.00000

   Energies (kJ/mol)
           Bond          Angle    Proper Dih.  Improper Dih.          LJ-14
    8.89741e+03    3.73446e+04    2.18145e+04    4.43001e+02    4.55486e+03
     Coulomb-14        LJ (SR)  Disper. corr.   Coulomb (SR)   Coul. recip.
   -8.58478e+03    2.51731e+04   -7.04106e+03   -4.71268e+05    3.70557e+03
      Potential    Kinetic En.   Total Energy    Temperature Pres. DC (bar)
   -3.84961e+05    1.03653e+05   -2.81308e+05    3.13160e+02   -3.36228e+02
 Pressure (bar)   Constr. rmsd
   -4.02876e+02    3.49509e-06

           Step           Time         Lambda
      149925000   299850.00000        0.00000

   Energies (kJ/mol)
           Bond          Angle    Proper Dih.  Improper Dih.          LJ-14
    8.82007e+03    3.67623e+04    2.17752e+04    3.97453e+02    4.44822e+03
     Coulomb-14        LJ (SR)  Disper. corr.   Coulomb (SR)   Coul. recip.
   -8.71285e+03    2.53417e+04   -7.04152e+03   -4.72044e+05    3.64777e+03
      Potential    Kinetic En.   Total Energy    Temperature Pres. DC (bar)
   -3.86606e+05    1.03758e+05   -2.82848e+05    3.13477e+02   -3.36272e+02
 Pressure (bar)   Constr. rmsd
   -3.00199e+02    3.45517e-06

           Step           Time         Lambda
      149930000   299860.00000        0.00000

   Energies (kJ/mol)
           Bond          Angle    Proper Dih.  Improper Dih.          LJ-14
    8.77009e+03    3.68531e+04    2.18061e+04    3.77855e+02    4.55134e+03
     Coulomb-14        LJ (SR)  Disper. corr.   Coulomb (SR)   Coul. recip.
   -8.73325e+03    2.51623e+04   -7.03807e+03   -4.70366e+05    3.72416e+03
      Potential    Kinetic En.   Total Energy    Temperature Pres. DC (bar)
   -3.84893e+05    1.03645e+05   -2.81248e+05    3.13134e+02   -3.35942e+02
 Pressure (bar)   Constr. rmsd
    2.03735e+02    3.69345e-06

           Step           Time         Lambda
      149935000   299870.00000        0.00000

   Energies (kJ/mol)
           Bond          Angle    Proper Dih.  Improper Dih.          LJ-14
    8.92071e+03    3.66046e+04    2.19052e+04    3.97859e+02    4.54005e+03
     Coulomb-14        LJ (SR)  Disper. corr.   Coulomb (SR)   Coul. recip.
   -8.55149e+03    2.64121e+04   -7.01304e+03   -4.72125e+05    3.66785e+03
      Potential    Kinetic En.   Total Energy    Temperature Pres. DC (bar)
   -3.85242e+05    1.02767e+05   -2.82474e+05    3.10484e+02   -3.33559e+02
 Pressure (bar)   Constr. rmsd
    3.04964e+01    3.52696e-06

           Step           Time         Lambda
      149940000   299880.00000        0.00000

   Energies (kJ/mol)
           Bond          Angle    Proper Dih.  Improper Dih.          LJ-14
    9.15486e+03    3.67312e+04    2.18365e+04    3.92016e+02    4.46547e+03
     Coulomb-14        LJ (SR)  Disper. corr.   Coulomb (SR)   Coul. recip.
   -8.57750e+03    2.56291e+04   -7.02525e+03   -4.71101e+05    3.61453e+03
      Potential    Kinetic En.   Total Energy    Temperature Pres. DC (bar)
   -3.84880e+05    1.03731e+05   -2.81149e+05    3.13394e+02   -3.34721e+02
 Pressure (bar)   Constr. rmsd
   -1.81263e+02    3.65533e-06

           Step           Time         Lambda
      149945000   299890.00000        0.00000

   Energies (kJ/mol)
           Bond          Angle    Proper Dih.  Improper Dih.          LJ-14
    8.88498e+03    3.73056e+04    2.16460e+04    4.44791e+02    4.44048e+03
     Coulomb-14        LJ (SR)  Disper. corr.   Coulomb (SR)   Coul. recip.
   -8.65755e+03    2.56652e+04   -7.00140e+03   -4.71452e+05    3.71796e+03
      Potential    Kinetic En.   Total Energy    Temperature Pres. DC (bar)
   -3.85006e+05    1.02634e+05   -2.82372e+05    3.10082e+02   -3.32454e+02
 Pressure (bar)   Constr. rmsd
   -5.31012e+02    3.47903e-06

           Step           Time         Lambda
      149950000   299900.00000        0.00000

   Energies (kJ/mol)
           Bond          Angle    Proper Dih.  Improper Dih.          LJ-14
    9.21142e+03    3.63308e+04    2.19424e+04    3.92467e+02    4.51276e+03
     Coulomb-14        LJ (SR)  Disper. corr.   Coulomb (SR)   Coul. recip.
   -8.67962e+03    2.50506e+04   -7.01636e+03   -4.70156e+05    3.67874e+03
      Potential    Kinetic En.   Total Energy    Temperature Pres. DC (bar)
   -3.84733e+05    1.03922e+05   -2.80811e+05    3.13973e+02   -3.33875e+02
 Pressure (bar)   Constr. rmsd
   -4.82604e+02    3.58929e-06

           Step           Time         Lambda
      149955000   299910.00000        0.00000

   Energies (kJ/mol)
           Bond          Angle    Proper Dih.  Improper Dih.          LJ-14
    8.72727e+03    3.65711e+04    2.18973e+04    3.93484e+02    4.53645e+03
     Coulomb-14        LJ (SR)  Disper. corr.   Coulomb (SR)   Coul. recip.
   -8.64609e+03    2.62626e+04   -7.03360e+03   -4.72344e+05    3.66498e+03
      Potential    Kinetic En.   Total Energy    Temperature Pres. DC (bar)
   -3.85970e+05    1.04090e+05   -2.81881e+05    3.14479e+02   -3.35516e+02
 Pressure (bar)   Constr. rmsd
   -5.84982e+01    3.57365e-06

           Step           Time         Lambda
      149960000   299920.00000        0.00000

   Energies (kJ/mol)
           Bond          Angle    Proper Dih.  Improper Dih.          LJ-14
    9.16838e+03    3.71200e+04    2.16621e+04    3.80352e+02    4.45711e+03
     Coulomb-14        LJ (SR)  Disper. corr.   Coulomb (SR)   Coul. recip.
   -8.66545e+03    2.60404e+04   -7.04204e+03   -4.71347e+05    3.72391e+03
      Potential    Kinetic En.   Total Energy    Temperature Pres. DC (bar)
   -3.84502e+05    1.03548e+05   -2.80954e+05    3.12842e+02   -3.36321e+02
 Pressure (bar)   Constr. rmsd
    3.53763e+01    3.51950e-06

           Step           Time         Lambda
      149965000   299930.00000        0.00000

   Energies (kJ/mol)
           Bond          Angle    Proper Dih.  Improper Dih.          LJ-14
    8.68307e+03    3.70663e+04    2.19904e+04    4.34216e+02    4.50215e+03
     Coulomb-14        LJ (SR)  Disper. corr.   Coulomb (SR)   Coul. recip.
   -8.64416e+03    2.59498e+04   -7.01452e+03   -4.71419e+05    3.50765e+03
      Potential    Kinetic En.   Total Energy    Temperature Pres. DC (bar)
   -3.84945e+05    1.03216e+05   -2.81729e+05    3.11839e+02   -3.33700e+02
 Pressure (bar)   Constr. rmsd
   -7.23725e+01    3.54557e-06

           Step           Time         Lambda
      149970000   299940.00000        0.00000

   Energies (kJ/mol)
           Bond          Angle    Proper Dih.  Improper Dih.          LJ-14
    8.82803e+03    3.69040e+04    2.18563e+04    4.06534e+02    4.58713e+03
     Coulomb-14        LJ (SR)  Disper. corr.   Coulomb (SR)   Coul. recip.
   -8.66703e+03    2.57087e+04   -7.04740e+03   -4.71763e+05    3.68006e+03
      Potential    Kinetic En.   Total Energy    Temperature Pres. DC (bar)
   -3.85506e+05    1.03024e+05   -2.82482e+05    3.11260e+02   -3.36833e+02
 Pressure (bar)   Constr. rmsd
   -6.52845e+01    3.52702e-06

           Step           Time         Lambda
      149975000   299950.00000        0.00000

   Energies (kJ/mol)
           Bond          Angle    Proper Dih.  Improper Dih.          LJ-14
    9.00878e+03    3.72432e+04    2.19253e+04    3.98372e+02    4.51317e+03
     Coulomb-14        LJ (SR)  Disper. corr.   Coulomb (SR)   Coul. recip.
   -8.60260e+03    2.57478e+04   -7.03933e+03   -4.71431e+05    3.70928e+03
      Potential    Kinetic En.   Total Energy    Temperature Pres. DC (bar)
   -3.84527e+05    1.04417e+05   -2.80110e+05    3.15467e+02   -3.36062e+02
 Pressure (bar)   Constr. rmsd
    1.57992e+02    3.68815e-06

           Step           Time         Lambda
      149980000   299960.00000        0.00000

   Energies (kJ/mol)
           Bond          Angle    Proper Dih.  Improper Dih.          LJ-14
    8.93915e+03    3.64859e+04    2.18650e+04    3.90125e+02    4.49818e+03
     Coulomb-14        LJ (SR)  Disper. corr.   Coulomb (SR)   Coul. recip.
   -8.74657e+03    2.69931e+04   -7.01664e+03   -4.73028e+05    3.48501e+03
      Potential    Kinetic En.   Total Energy    Temperature Pres. DC (bar)
   -3.86135e+05    1.03691e+05   -2.82444e+05    3.13275e+02   -3.33901e+02
 Pressure (bar)   Constr. rmsd
   -8.67276e+00    3.46209e-06

           Step           Time         Lambda
      149985000   299970.00000        0.00000

   Energies (kJ/mol)
           Bond          Angle    Proper Dih.  Improper Dih.          LJ-14
    8.84045e+03    3.65342e+04    2.18701e+04    4.27600e+02    4.67503e+03
     Coulomb-14        LJ (SR)  Disper. corr.   Coulomb (SR)   Coul. recip.
   -8.84030e+03    2.45782e+04   -7.03186e+03   -4.69715e+05    3.65096e+03
      Potential    Kinetic En.   Total Energy    Temperature Pres. DC (bar)
   -3.85010e+05    1.03427e+05   -2.81583e+05    3.12477e+02   -3.35350e+02
 Pressure (bar)   Constr. rmsd
   -1.36077e+01    3.62225e-06

           Step           Time         Lambda
      149990000   299980.00000        0.00000

   Energies (kJ/mol)
           Bond          Angle    Proper Dih.  Improper Dih.          LJ-14
    8.81792e+03    3.67988e+04    2.19414e+04    4.15377e+02    4.57277e+03
     Coulomb-14        LJ (SR)  Disper. corr.   Coulomb (SR)   Coul. recip.
   -8.53779e+03    2.40334e+04   -7.04563e+03   -4.69997e+05    3.60873e+03
      Potential    Kinetic En.   Total Energy    Temperature Pres. DC (bar)
   -3.85392e+05    1.03304e+05   -2.82088e+05    3.12105e+02   -3.36663e+02
 Pressure (bar)   Constr. rmsd
    4.22388e+01    3.60973e-06

           Step           Time         Lambda
      149995000   299990.00000        0.00000

   Energies (kJ/mol)
           Bond          Angle    Proper Dih.  Improper Dih.          LJ-14
    9.26975e+03    3.65134e+04    2.16358e+04    4.30274e+02    4.44662e+03
     Coulomb-14        LJ (SR)  Disper. corr.   Coulomb (SR)   Coul. recip.
   -8.55007e+03    2.57914e+04   -7.03455e+03   -4.71721e+05    3.65135e+03
      Potential    Kinetic En.   Total Energy    Temperature Pres. DC (bar)
   -3.85567e+05    1.04266e+05   -2.81301e+05    3.15013e+02   -3.35607e+02
 Pressure (bar)   Constr. rmsd
   -1.99327e+02    3.48008e-06

           Step           Time         Lambda
      150000000   300000.00000        0.00000

Writing checkpoint, step 150000000 at Thu Aug  3 14:04:37 2017


   Energies (kJ/mol)
           Bond          Angle    Proper Dih.  Improper Dih.          LJ-14
    8.50136e+03    3.70184e+04    2.19188e+04    3.10765e+02    4.61510e+03
     Coulomb-14        LJ (SR)  Disper. corr.   Coulomb (SR)   Coul. recip.
   -8.50725e+03    2.51921e+04   -7.02946e+03   -4.71870e+05    3.78462e+03
      Potential    Kinetic En.   Total Energy    Temperature Pres. DC (bar)
   -3.86065e+05    1.03108e+05   -2.82957e+05    3.11513e+02   -3.35122e+02
 Pressure (bar)   Constr. rmsd
    4.29794e+02    3.49723e-06

	<======  ###############  ==>
	<====  A V E R A G E S  ====>
	<==  ###############  ======>

	Statistics over 341481 steps using 69 frames

   Energies (kJ/mol)
           Bond          Angle    Proper Dih.  Improper Dih.          LJ-14
    8.80249e+03    3.67813e+04    2.18269e+04    3.99826e+02    4.54120e+03
     Coulomb-14        LJ (SR)  Disper. corr.   Coulomb (SR)   Coul. recip.
   -8.64352e+03    2.53068e+04   -7.04345e+03   -4.71431e+05    3.66521e+03
      Potential    Kinetic En.   Total Energy    Temperature Pres. DC (bar)
   -3.85794e+05    1.03655e+05   -2.82139e+05    3.13165e+02   -3.36459e+02
 Pressure (bar)   Constr. rmsd
    6.14564e+00    0.00000e+00

          Box-X          Box-Y          Box-Z
    6.27679e+00    6.27679e+00    8.83252e+00

   Total Virial (kJ/mol)
    3.40347e+04    1.71320e+02   -4.85827e+01
    1.72635e+02    3.39926e+04   -3.87052e+02
   -4.47840e+01   -3.85774e+02    3.54408e+04

   Pressure (bar)
   -3.93652e+00   -1.35755e+01    2.06594e+01
   -1.37011e+01    1.02869e+01    4.52769e+01
    2.02966e+01    4.51551e+01    1.20866e+01

  Epot (kJ/mol)        Coul-SR          LJ-SR        Coul-14          LJ-14   
      POPC-POPC   -4.71431e+05    2.53068e+04   -8.64352e+03    4.54120e+03
POPC-Water_and_ions    0.00000e+00    0.00000e+00    0.00000e+00    0.00000e+00
Water_and_ions-Water_and_ions    0.00000e+00    0.00000e+00    0.00000e+00    0.00000e+00

         T-POPCT-Water_and_ions
    3.13513e+02    3.12796e+02


       P P   -   P M E   L O A D   B A L A N C I N G

 PP/PME load balancing changed the cut-off and PME settings:
           particle-particle                    PME
            rcoulomb  rlist            grid      spacing   1/beta
   initial  1.000 nm  1.077 nm      56  56  80   0.112 nm  0.320 nm
   final    1.001 nm  1.078 nm      52  52  80   0.120 nm  0.320 nm
 cost-ratio           1.00             0.86
 (note that these numbers concern only part of the total PP and PME load)


	M E G A - F L O P S   A C C O U N T I N G

 NB=Group-cutoff nonbonded kernels    NxN=N-by-N cluster Verlet kernels
 RF=Reaction-Field  VdW=Van der Waals  QSTab=quadratic-spline table
 W3=SPC/TIP3p  W4=TIP4p (single or pairs)
 V&F=Potential and force  V=Potential only  F=Force only

 Computing:                               M-Number         M-Flops  % Flops
-----------------------------------------------------------------------------
 Pair Search distance check           53647.275616      482825.481     0.1
 NxN Ewald Elec. + LJ [F]          13581967.143296   896409831.458    95.7
 NxN Ewald Elec. + LJ [V&F]            2744.314240      293641.624     0.0
 1,4 nonbonded interactions           15560.606208     1400454.559     0.1
 Calc Weights                         43886.113677     1579900.092     0.2
 Spread Q Bspline                    936237.091776     1872474.184     0.2
 Gather F Bspline                    936237.091776     5617422.551     0.6
 3D-FFT                             2616393.191994    20931145.536     2.2
 Solve PME                              922.960464       59069.470     0.0
 Shift-X                                365.759382        2194.556     0.0
 Bonds                                 2229.187968      131522.090     0.0
 Angles                               11189.649408     1879861.101     0.2
 Propers                              21111.721344     4834584.188     0.5
 Impropers                              174.838272       36366.361     0.0
 Virial                                 585.795440       10544.318     0.0
 Stop-CM                                  2.955891          29.559     0.0
 Calc-Ekin                             5851.550366      157991.860     0.0
 Lincs                                 3584.184576      215051.075     0.0
 Lincs-Mat                            28760.895744      115043.583     0.0
 Constraint-V                         13724.804352      109798.435     0.0
 Constraint-Vir                         405.647360        9735.537     0.0
 Settle                                2185.478400      705909.523     0.1
 Virtual Site 3                        2272.902400       84097.389     0.0
-----------------------------------------------------------------------------
 Total                                               936939494.526   100.0
-----------------------------------------------------------------------------


     R E A L   C Y C L E   A N D   T I M E   A C C O U N T I N G

On 1 MPI rank, each using 8 OpenMP threads

 Computing:          Num   Num      Call    Wall time         Giga-Cycles
                     Ranks Threads  Count      (s)         total sum    %
-----------------------------------------------------------------------------
 Vsite constr.          1    8     341481      22.434        466.640   1.6
 Neighbor search        1    8       8538      39.673        825.237   2.8
 Launch GPU ops.        1    8     341481      21.806        453.580   1.5
 Force                  1    8     341481     337.577       7021.835  23.9
 PME mesh               1    8     341481     637.439      13259.187  45.2
 Wait GPU local         1    8     341481      12.306        255.975   0.9
 NB X/F buffer ops.     1    8     674424      35.552        739.508   2.5
 Vsite spread           1    8     355141      27.144        564.608   1.9
 Write traj.            1    8         36       0.466          9.700   0.0
 Update                 1    8     341481      98.171       2042.035   7.0
 Constraints            1    8     341481     111.298       2315.071   7.9
 Rest                                          65.712       1366.863   4.7
-----------------------------------------------------------------------------
 Total                                       1409.578      29320.240 100.0
-----------------------------------------------------------------------------
 Breakdown of PME mesh computation
-----------------------------------------------------------------------------
 PME spread/gather      1    8     682962     400.042       8321.166  28.4
 PME 3D-FFT             1    8     682962     203.339       4229.606  14.4
 PME solve Elec         1    8     341481      32.978        685.959   2.3
-----------------------------------------------------------------------------

 GPU timings
-----------------------------------------------------------------------------
 Computing:                         Count  Wall t (s)      ms/step       %
-----------------------------------------------------------------------------
 Pair list H2D                       8538       3.432        0.402     0.4
 X / q H2D                         341481      42.090        0.123     4.9
 Nonbonded F kernel                332943     758.029        2.277    88.3
 Nonbonded F+prune k.                8469      24.173        2.854     2.8
 Nonbonded F+ene+prune k.              69       0.264        3.833     0.0
 F D2H                             341481      30.740        0.090     3.6
-----------------------------------------------------------------------------
 Total                                        858.728        2.515   100.0
-----------------------------------------------------------------------------

Force evaluation time GPU/CPU: 2.515 ms/2.855 ms = 0.881
For optimal performance this ratio should be close to 1!

               Core t (s)   Wall t (s)        (%)
       Time:    11275.960     1409.578      800.0
                 (ns/day)    (hour/ns)
Performance:       41.862        0.573
Finished mdrun on rank 0 Thu Aug  3 14:04:37 2017
