

*******************************************************************************
Wed May 31 19:10:48 2017


FIT:    data read from datafile using ($2/n_lipids):(sqrt($2/($3-$2)))
        format = x:z
        #datapoints = 3
        residuals are weighted equally (unit weight)

function used for fitting: f(x)
	f(x) = ksq*(1-2*x)
fitted parameters initialized with current variable values

iter      chisq       delta/lim  lambda   ksq          
   0 3.8626060116e+00   0.00e+00  5.90e-01    1.000000e+00
   4 1.6111708644e-02  -1.84e-08  5.90e-05    2.918782e+00

After 4 iterations the fit converged.
final sum of squares of residuals : 0.0161117
rel. change during last iteration : -1.83898e-13

degrees of freedom    (FIT_NDF)                        : 2
rms of residuals      (FIT_STDFIT) = sqrt(WSSR/ndf)    : 0.0897544
variance of residuals (reduced chisquare) = WSSR/ndf   : 0.00805585

Final set of parameters            Asymptotic Standard Error
=======================            ==========================
ksq             = 2.91878          +/- 0.08781      (3.008%)


*******************************************************************************
Wed May 31 19:19:01 2017


FIT:    data read from datafile using ($2/n_lipids):(sqrt($2/($3-$2)))
        format = x:z
        #datapoints = 3
        residuals are weighted equally (unit weight)

function used for fitting: f(x)
	f(x) = ksq*(1-2*x)
fitted parameters initialized with current variable values

iter      chisq       delta/lim  lambda   ksq          
   0 1.6111708650e-02   0.00e+00  1.72e+00    2.918780e+00
   1 1.6111708645e-02  -3.36e-05  1.72e-01    2.918782e+00

After 1 iterations the fit converged.
final sum of squares of residuals : 0.0161117
rel. change during last iteration : -3.3626e-10

degrees of freedom    (FIT_NDF)                        : 2
rms of residuals      (FIT_STDFIT) = sqrt(WSSR/ndf)    : 0.0897544
variance of residuals (reduced chisquare) = WSSR/ndf   : 0.00805585

Final set of parameters            Asymptotic Standard Error
=======================            ==========================
ksq             = 2.91878          +/- 0.08781      (3.008%)


*******************************************************************************
Wed May 31 19:19:46 2017


FIT:    data read from datafile using ($2/n_lipids):(sqrt($2/($3-$2)))
        format = x:z
        #datapoints = 3
        residuals are weighted equally (unit weight)

function used for fitting: f(x)
	f(x) = ksq*(1-2*x)
fitted parameters initialized with current variable values

iter      chisq       delta/lim  lambda   ksq          
   0 6.6119564736e-02   0.00e+00  1.59e+00    2.700000e+00
   3 1.6111708644e-02  -2.14e-01  1.59e-03    2.918782e+00

After 3 iterations the fit converged.
final sum of squares of residuals : 0.0161117
rel. change during last iteration : -2.14113e-06

degrees of freedom    (FIT_NDF)                        : 2
rms of residuals      (FIT_STDFIT) = sqrt(WSSR/ndf)    : 0.0897544
variance of residuals (reduced chisquare) = WSSR/ndf   : 0.00805585

Final set of parameters            Asymptotic Standard Error
=======================            ==========================
ksq             = 2.91878          +/- 0.08781      (3.008%)


*******************************************************************************
Wed May 31 19:22:42 2017


FIT:    data read from datafile using ($2/n_lipids):(sqrt($2/($3-$2)))
        format = x:z
        #datapoints = 3
        residuals are weighted equally (unit weight)

function used for fitting: f(x)
	f(x) = ksq*(1-2*x)
fitted parameters initialized with current variable values

iter      chisq       delta/lim  lambda   ksq          
   0 1.6111708650e-02   0.00e+00  1.72e+00    2.918780e+00
   1 1.6111708645e-02  -3.36e-05  1.72e-01    2.918782e+00

After 1 iterations the fit converged.
final sum of squares of residuals : 0.0161117
rel. change during last iteration : -3.3626e-10

degrees of freedom    (FIT_NDF)                        : 2
rms of residuals      (FIT_STDFIT) = sqrt(WSSR/ndf)    : 0.0897544
variance of residuals (reduced chisquare) = WSSR/ndf   : 0.00805585

Final set of parameters            Asymptotic Standard Error
=======================            ==========================
ksq             = 2.91878          +/- 0.08781      (3.008%)


*******************************************************************************
Wed May 31 19:23:49 2017


FIT:    data read from datafile using ($2/n_lipids):(sqrt($2/($3-$2)))
        format = x:z
        #datapoints = 3
        residuals are weighted equally (unit weight)

function used for fitting: f(x)
	f(x) = ksq*(1-2*x)
fitted parameters initialized with current variable values

iter      chisq       delta/lim  lambda   ksq          
   0 1.6111708650e-02   0.00e+00  1.72e+00    2.918780e+00
   1 1.6111708645e-02  -3.36e-05  1.72e-01    2.918782e+00

After 1 iterations the fit converged.
final sum of squares of residuals : 0.0161117
rel. change during last iteration : -3.3626e-10

degrees of freedom    (FIT_NDF)                        : 2
rms of residuals      (FIT_STDFIT) = sqrt(WSSR/ndf)    : 0.0897544
variance of residuals (reduced chisquare) = WSSR/ndf   : 0.00805585

Final set of parameters            Asymptotic Standard Error
=======================            ==========================
ksq             = 2.91878          +/- 0.08781      (3.008%)


*******************************************************************************
Wed May 31 19:24:57 2017


FIT:    data read from datafile using ($2/n_lipids):(sqrt($2/($3-$2)))
        format = x:z
        #datapoints = 3
        residuals are weighted equally (unit weight)

function used for fitting: f(x)
	f(x) = ksq*(1-2*x)
fitted parameters initialized with current variable values

iter      chisq       delta/lim  lambda   ksq          
   0 1.6111708650e-02   0.00e+00  1.72e+00    2.918780e+00
   1 1.6111708645e-02  -3.36e-05  1.72e-01    2.918782e+00

After 1 iterations the fit converged.
final sum of squares of residuals : 0.0161117
rel. change during last iteration : -3.3626e-10

degrees of freedom    (FIT_NDF)                        : 2
rms of residuals      (FIT_STDFIT) = sqrt(WSSR/ndf)    : 0.0897544
variance of residuals (reduced chisquare) = WSSR/ndf   : 0.00805585

Final set of parameters            Asymptotic Standard Error
=======================            ==========================
ksq             = 2.91878          +/- 0.08781      (3.008%)


*******************************************************************************
Wed May 31 19:25:51 2017


FIT:    data read from datafile using ($2/n_lipids):(sqrt($2/($3-$2)))
        format = x:z
        #datapoints = 3
        residuals are weighted equally (unit weight)

function used for fitting: f(x)
	f(x) = ksq*(1-2*x)
fitted parameters initialized with current variable values

iter      chisq       delta/lim  lambda   ksq          
   0 1.6111708650e-02   0.00e+00  1.72e+00    2.918780e+00
   1 1.6111708645e-02  -3.36e-05  1.72e-01    2.918782e+00

After 1 iterations the fit converged.
final sum of squares of residuals : 0.0161117
rel. change during last iteration : -3.3626e-10

degrees of freedom    (FIT_NDF)                        : 2
rms of residuals      (FIT_STDFIT) = sqrt(WSSR/ndf)    : 0.0897544
variance of residuals (reduced chisquare) = WSSR/ndf   : 0.00805585

Final set of parameters            Asymptotic Standard Error
=======================            ==========================
ksq             = 2.91878          +/- 0.08781      (3.008%)


*******************************************************************************
Wed May 31 19:29:46 2017


FIT:    data read from datafile using ($2/n_lipids):(sqrt($2/($3-$2)))
        format = x:z
        #datapoints = 3
        residuals are weighted equally (unit weight)

function used for fitting: f(x)
	f(x) = ksq*(1-2*x)
fitted parameters initialized with current variable values

iter      chisq       delta/lim  lambda   ksq          
   0 1.6111708650e-02   0.00e+00  1.72e+00    2.918780e+00
   1 1.6111708645e-02  -3.36e-05  1.72e-01    2.918782e+00

After 1 iterations the fit converged.
final sum of squares of residuals : 0.0161117
rel. change during last iteration : -3.3626e-10

degrees of freedom    (FIT_NDF)                        : 2
rms of residuals      (FIT_STDFIT) = sqrt(WSSR/ndf)    : 0.0897544
variance of residuals (reduced chisquare) = WSSR/ndf   : 0.00805585

Final set of parameters            Asymptotic Standard Error
=======================            ==========================
ksq             = 2.91878          +/- 0.08781      (3.008%)


*******************************************************************************
Wed May 31 19:32:25 2017


FIT:    data read from datafile using ($2/n_lipids):(sqrt($2/($3-$2)))
        format = x:z
        #datapoints = 3
        residuals are weighted equally (unit weight)

function used for fitting: f(x)
	f(x) = ksq      * (1-2*x)
fitted parameters initialized with current variable values

iter      chisq       delta/lim  lambda   ksq          
   0 1.6111708650e-02   0.00e+00  1.72e+00    2.918780e+00
   1 1.6111708645e-02  -3.36e-05  1.72e-01    2.918782e+00

After 1 iterations the fit converged.
final sum of squares of residuals : 0.0161117
rel. change during last iteration : -3.3626e-10

degrees of freedom    (FIT_NDF)                        : 2
rms of residuals      (FIT_STDFIT) = sqrt(WSSR/ndf)    : 0.0897544
variance of residuals (reduced chisquare) = WSSR/ndf   : 0.00805585

Final set of parameters            Asymptotic Standard Error
=======================            ==========================
ksq             = 2.91878          +/- 0.08781      (3.008%)


*******************************************************************************
Wed May 31 19:35:34 2017


FIT:    data read from datafile using ($2/n_lipids):(sqrt($2/($3-$2)))
        format = x:z
        #datapoints = 3
        residuals are weighted equally (unit weight)

function used for fitting: f(x)
	f(x) = ksqrt       * (1-2*x)
fitted parameters initialized with current variable values



*******************************************************************************
Wed May 31 19:35:54 2017


FIT:    data read from datafile using ($2/n_lipids):(sqrt($2/($3-$2)))
        format = x:z
        #datapoints = 3
        residuals are weighted equally (unit weight)

function used for fitting: f(x)
	f(x) = ksqrt       * (1-2*x)
fitted parameters initialized with current variable values

iter      chisq       delta/lim  lambda   ksqrt        
   0 1.6111708650e-02   0.00e+00  1.72e+00    2.918780e+00
   1 1.6111708645e-02  -3.36e-05  1.72e-01    2.918782e+00

After 1 iterations the fit converged.
final sum of squares of residuals : 0.0161117
rel. change during last iteration : -3.3626e-10

degrees of freedom    (FIT_NDF)                        : 2
rms of residuals      (FIT_STDFIT) = sqrt(WSSR/ndf)    : 0.0897544
variance of residuals (reduced chisquare) = WSSR/ndf   : 0.00805585

Final set of parameters            Asymptotic Standard Error
=======================            ==========================
ksqrt           = 2.91878          +/- 0.08781      (3.008%)


*******************************************************************************
Wed May 31 19:38:24 2017


FIT:    data read from datafile using ($2/n_lipids):(sqrt($2/($3-$2)))
        format = x:z
        #datapoints = 3
        residuals are weighted equally (unit weight)

function used for fitting: f(x)
	f(x) = ksqrt       * (1-2*x)
fitted parameters initialized with current variable values

iter      chisq       delta/lim  lambda   ksqrt        
   0 1.6111708650e-02   0.00e+00  1.72e+00    2.918780e+00
   1 1.6111708645e-02  -3.36e-05  1.72e-01    2.918782e+00

After 1 iterations the fit converged.
final sum of squares of residuals : 0.0161117
rel. change during last iteration : -3.3626e-10

degrees of freedom    (FIT_NDF)                        : 2
rms of residuals      (FIT_STDFIT) = sqrt(WSSR/ndf)    : 0.0897544
variance of residuals (reduced chisquare) = WSSR/ndf   : 0.00805585

Final set of parameters            Asymptotic Standard Error
=======================            ==========================
ksqrt           = 2.91878          +/- 0.08781      (3.008%)


*******************************************************************************
Wed May 31 19:39:13 2017


FIT:    data read from datafile using ($2/n_lipids):(sqrt($2/($3-$2+3)))
        format = x:z
        #datapoints = 3
        residuals are weighted equally (unit weight)

function used for fitting: f(x)
	f(x) = ksqrt       * (1-2*x)
fitted parameters initialized with current variable values

iter      chisq       delta/lim  lambda   ksqrt        
   0 8.0231253975e-01   0.00e+00  1.72e+00    2.918780e+00
   3 1.7520632568e-01  -2.47e-01  1.72e-03    2.144026e+00

After 3 iterations the fit converged.
final sum of squares of residuals : 0.175206
rel. change during last iteration : -2.4691e-06

degrees of freedom    (FIT_NDF)                        : 2
rms of residuals      (FIT_STDFIT) = sqrt(WSSR/ndf)    : 0.295978
variance of residuals (reduced chisquare) = WSSR/ndf   : 0.0876032

Final set of parameters            Asymptotic Standard Error
=======================            ==========================
ksqrt           = 2.14403          +/- 0.2896       (13.51%)


*******************************************************************************
Wed May 31 19:39:26 2017


FIT:    data read from datafile using ($2/n_lipids):(sqrt($2/($3-$2+1)))
        format = x:z
        #datapoints = 3
        residuals are weighted equally (unit weight)

function used for fitting: f(x)
	f(x) = ksqrt       * (1-2*x)
fitted parameters initialized with current variable values

iter      chisq       delta/lim  lambda   ksqrt        
   0 2.2391656880e-01   0.00e+00  1.72e+00    2.918780e+00
   3 8.5067641966e-02  -1.13e-01  1.72e-03    2.554224e+00

After 3 iterations the fit converged.
final sum of squares of residuals : 0.0850676
rel. change during last iteration : -1.12597e-06

degrees of freedom    (FIT_NDF)                        : 2
rms of residuals      (FIT_STDFIT) = sqrt(WSSR/ndf)    : 0.206237
variance of residuals (reduced chisquare) = WSSR/ndf   : 0.0425338

Final set of parameters            Asymptotic Standard Error
=======================            ==========================
ksqrt           = 2.55422          +/- 0.2018       (7.9%)


*******************************************************************************
Wed May 31 19:39:46 2017


FIT:    data read from datafile using ($2/n_lipids):(sqrt($2/($3-$2)))
        format = x:z
        #datapoints = 3
        residuals are weighted equally (unit weight)

function used for fitting: f(x)
	f(x) = ksqrt       * (1-2*x)
fitted parameters initialized with current variable values

iter      chisq       delta/lim  lambda   ksqrt        
   0 1.6111708650e-02   0.00e+00  1.72e+00    2.918780e+00
   1 1.6111708645e-02  -3.36e-05  1.72e-01    2.918782e+00

After 1 iterations the fit converged.
final sum of squares of residuals : 0.0161117
rel. change during last iteration : -3.3626e-10

degrees of freedom    (FIT_NDF)                        : 2
rms of residuals      (FIT_STDFIT) = sqrt(WSSR/ndf)    : 0.0897544
variance of residuals (reduced chisquare) = WSSR/ndf   : 0.00805585

Final set of parameters            Asymptotic Standard Error
=======================            ==========================
ksqrt           = 2.91878          +/- 0.08781      (3.008%)


*******************************************************************************
Wed May 31 19:40:19 2017


FIT:    data read from datafile using ($2/n_lipids):(sqrt($2/($3-$2)))
        format = x:z
        #datapoints = 3
        residuals are weighted equally (unit weight)

function used for fitting: f(x)
	f(x) = ksqrt       * (1-2*x)
fitted parameters initialized with current variable values

iter      chisq       delta/lim  lambda   ksqrt        
   0 1.6111708650e-02   0.00e+00  1.72e+00    2.918780e+00
   1 1.6111708645e-02  -3.36e-05  1.72e-01    2.918782e+00

After 1 iterations the fit converged.
final sum of squares of residuals : 0.0161117
rel. change during last iteration : -3.3626e-10

degrees of freedom    (FIT_NDF)                        : 2
rms of residuals      (FIT_STDFIT) = sqrt(WSSR/ndf)    : 0.0897544
variance of residuals (reduced chisquare) = WSSR/ndf   : 0.00805585

Final set of parameters            Asymptotic Standard Error
=======================            ==========================
ksqrt           = 2.91878          +/- 0.08781      (3.008%)


*******************************************************************************
Wed May 31 19:40:19 2017


FIT:    data read from datafile using ($2/n_lipids):(sqrt($2/($3)))
        format = x:z
        #datapoints = 3
        residuals are weighted equally (unit weight)

function used for fitting: f(x)
	f(x) = ksqrt       * (1-2*x)
fitted parameters initialized with current variable values

iter      chisq       delta/lim  lambda   ksqrt        
   0 2.4161275826e+00   0.00e+00  1.72e+00    2.918782e+00
   4 7.2292974742e-02  -2.46e-09  1.72e-04    1.420972e+00

After 4 iterations the fit converged.
final sum of squares of residuals : 0.072293
rel. change during last iteration : -2.45716e-14

degrees of freedom    (FIT_NDF)                        : 2
rms of residuals      (FIT_STDFIT) = sqrt(WSSR/ndf)    : 0.190122
variance of residuals (reduced chisquare) = WSSR/ndf   : 0.0361465

Final set of parameters            Asymptotic Standard Error
=======================            ==========================
ksqrt           = 1.42097          +/- 0.186        (13.09%)


*******************************************************************************
Wed May 31 19:40:36 2017


FIT:    data read from datafile using ($2/n_lipids):(sqrt($2/($3-$2)))
        format = x:z
        #datapoints = 3
        residuals are weighted equally (unit weight)

function used for fitting: f(x)
	f(x) = ksqrt       * (1-2*x)
fitted parameters initialized with current variable values

iter      chisq       delta/lim  lambda   ksqrt        
   0 1.6111708650e-02   0.00e+00  1.72e+00    2.918780e+00
   1 1.6111708645e-02  -3.36e-05  1.72e-01    2.918782e+00

After 1 iterations the fit converged.
final sum of squares of residuals : 0.0161117
rel. change during last iteration : -3.3626e-10

degrees of freedom    (FIT_NDF)                        : 2
rms of residuals      (FIT_STDFIT) = sqrt(WSSR/ndf)    : 0.0897544
variance of residuals (reduced chisquare) = WSSR/ndf   : 0.00805585

Final set of parameters            Asymptotic Standard Error
=======================            ==========================
ksqrt           = 2.91878          +/- 0.08781      (3.008%)


*******************************************************************************
Wed May 31 19:45:15 2017


FIT:    data read from datafile using ($2/n_lipids):(sqrt($2/($3-$2)))
        format = x:z
        #datapoints = 3
        residuals are weighted equally (unit weight)

function used for fitting: f(x)
	f(x) = ksqrt       * (1-2*x)
fitted parameters initialized with current variable values

iter      chisq       delta/lim  lambda   ksqrt        
   0 1.6111708650e-02   0.00e+00  1.72e+00    2.918780e+00
   1 1.6111708645e-02  -3.36e-05  1.72e-01    2.918782e+00

After 1 iterations the fit converged.
final sum of squares of residuals : 0.0161117
rel. change during last iteration : -3.3626e-10

degrees of freedom    (FIT_NDF)                        : 2
rms of residuals      (FIT_STDFIT) = sqrt(WSSR/ndf)    : 0.0897544
variance of residuals (reduced chisquare) = WSSR/ndf   : 0.00805585

Final set of parameters            Asymptotic Standard Error
=======================            ==========================
ksqrt           = 2.91878          +/- 0.08781      (3.008%)
